<?xml version="1.0" ?>
<testsuites disabled="0" errors="0" failures="12" tests="23" time="0.0">
	<testsuite disabled="0" errors="0" failures="12" name="terraform scan" skipped="0" tests="23" time="0">
		<properties>
[...]
</properties>
		<testcase name="[NONE][CKV_AWS_20] S3 Bucket has an ACL defined which allows public READ access." classname="/s3.tf.aws_s3_bucket.financials" file="/s3.tf"/>
		<testcase name="[NONE][CKV_AWS_20] S3 Bucket has an ACL defined which allows public READ access." classname="/s3.tf.aws_s3_bucket.operations" file="/s3.tf"/>
		<testcase name="[NONE][CKV_AWS_20] S3 Bucket has an ACL defined which allows public READ access." classname="/s3.tf.aws_s3_bucket.data_science" file="/s3.tf"/>
		<testcase name="[NONE][CKV_AWS_20] S3 Bucket has an ACL defined which allows public READ access." classname="/s3.tf.aws_s3_bucket.logs" file="/s3.tf"/>
		<testcase name="[NONE][CKV_AWS_20] S3 Bucket has an ACL defined which allows public READ access." classname="/ec2.tf.aws_s3_bucket.flowbucket" file="/ec2.tf"/>
		<testcase name="[NONE][CKV_AWS_20] S3 Bucket has an ACL defined which allows public READ access." classname="/s3.tf.aws_s3_bucket.data" file="/s3.tf"/>
		<testcase name="[NONE][CKV_AWS_20] S3 Bucket has an ACL defined which allows public READ access." classname="/s3_failed.tf.aws_s3_bucket.insecure_bucket" file="/s3_failed.tf"/>
		<testcase name="[NONE][CKV_AWS_21] Ensure all data stored in the S3 bucket have versioning enabled" classname="/s3.tf.aws_s3_bucket.operations" file="/s3.tf"/>
		<testcase name="[NONE][CKV_AWS_21] Ensure all data stored in the S3 bucket have versioning enabled" classname="/s3.tf.aws_s3_bucket.logs" file="/s3.tf"/>
		<testcase name="[NONE][CKV_AWS_21] Ensure all data stored in the S3 bucket have versioning enabled" classname="/s3.tf.aws_s3_bucket.data_science" file="/s3.tf"/>
		<testcase name="[NONE][CKV_AWS_18] Ensure the S3 bucket has access logging enabled" classname="/s3.tf.aws_s3_bucket.data_science" file="/s3.tf"/>
		<testcase name="[NONE][CKV_AWS_79] Ensure Instance Metadata Service Version 1 is not enabled" classname="/db-app.tf.aws_instance.db_app" file="/db-app.tf">
			<failure type="failure" message="Ensure Instance Metadata Service Version 1 is not enabled">
Resource: aws_instance.db_app
File: /db-app.tf: 243-413
Guideline: https://docs.prismacloud.io/en/enterprise-edition/policy-reference/aws-policies/aws-general-policies/bc-aws-general-31

		Code lines for this resource are too many. Please use IDE of your choice to review the file.</failure>
		</testcase>
		<testcase name="[NONE][CKV_AWS_79] Ensure Instance Metadata Service Version 1 is not enabled" classname="/ec2.tf.aws_instance.web_host" file="/ec2.tf">
			<failure type="failure" message="Ensure Instance Metadata Service Version 1 is not enabled">
Resource: aws_instance.web_host
File: /ec2.tf: 1-32
Guideline: https://docs.prismacloud.io/en/enterprise-edition/policy-reference/aws-policies/aws-general-policies/bc-aws-general-31

		1  | resource "aws_instance" "web_host" {
		2  |   # ec2 have plain text secrets in user data
		3  |   ami           = "${var.ami}"
		4  |   instance_type = "t2.nano"
		5  | 
		6  |   vpc_security_group_ids = [
		7  |   "${aws_security_group.web-node.id}"]
		8  |   subnet_id = "${aws_subnet.web_subnet.id}"
		9  |   user_data = &lt;&lt;EOF
		10 | #! /bin/bash
		11 | sudo apt-get update
		12 | sudo apt-get install -y apache2
		13 | sudo systemctl start apache2
		14 | sudo systemctl enable apache2
		15 | export AWS_ACCESS_KEY_ID=AKIAIOSFODNN7EXAMAAA
		16 | export AWS_SECRET_ACCESS_KEY=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
		17 | export AWS_DEFAULT_REGION=us-west-2
		18 | echo "&lt;h1&gt;Deployed via Terraform&lt;/h1&gt;" | sudo tee /var/www/html/index.html
		19 | EOF
		20 |   tags = merge({
		21 |     Name = "${local.resource_prefix.value}-ec2"
		22 |     }, {
		23 |     git_commit           = "d68d2897add9bc2203a5ed0632a5cdd8ff8cefb0"
		24 |     git_file             = "terraform/aws/ec2.tf"
		25 |     git_last_modified_at = "2020-06-16 14:46:24"
		26 |     git_last_modified_by = "nimrodkor@gmail.com"
		27 |     git_modifiers        = "nimrodkor"
		28 |     git_org              = "bridgecrewio"
		29 |     git_repo             = "terragoat"
		30 |     yor_trace            = "347af3cd-4f70-4632-aca3-4d5e30ffc0b6"
		31 |   })
		32 | }
</failure>
		</testcase>
		<testcase name="[NONE][CKV_AWS_21] Ensure all data stored in the S3 bucket have versioning enabled" classname="/ec2.tf.aws_s3_bucket.flowbucket" file="/ec2.tf">
			<failure type="failure" message="Ensure all data stored in the S3 bucket have versioning enabled">
Resource: aws_s3_bucket.flowbucket
File: /ec2.tf: 271-288
Guideline: https://docs.prismacloud.io/en/enterprise-edition/policy-reference/aws-policies/s3-policies/s3-16-enable-versioning

		271 | resource "aws_s3_bucket" "flowbucket" {
		272 |   bucket        = "${local.resource_prefix.value}-flowlogs"
		273 |   force_destroy = true
		274 | 
		275 |   tags = merge({
		276 |     Name        = "${local.resource_prefix.value}-flowlogs"
		277 |     Environment = local.resource_prefix.value
		278 |     }, {
		279 |     git_commit           = "d68d2897add9bc2203a5ed0632a5cdd8ff8cefb0"
		280 |     git_file             = "terraform/aws/ec2.tf"
		281 |     git_last_modified_at = "2020-06-16 14:46:24"
		282 |     git_last_modified_by = "nimrodkor@gmail.com"
		283 |     git_modifiers        = "nimrodkor"
		284 |     git_org              = "bridgecrewio"
		285 |     git_repo             = "terragoat"
		286 |     yor_trace            = "f058838a-b1e0-4383-b965-7e06e987ffb1"
		287 |   })
		288 | }
</failure>
		</testcase>
		<testcase name="[NONE][CKV_AWS_21] Ensure all data stored in the S3 bucket have versioning enabled" classname="/s3.tf.aws_s3_bucket.data" file="/s3.tf">
			<failure type="failure" message="Ensure all data stored in the S3 bucket have versioning enabled">
Resource: aws_s3_bucket.data
File: /s3.tf: 1-21
Guideline: https://docs.prismacloud.io/en/enterprise-edition/policy-reference/aws-policies/s3-policies/s3-16-enable-versioning

		1  | resource "aws_s3_bucket" "data" {
		2  |   # bucket is public
		3  |   # bucket is not encrypted
		4  |   # bucket does not have access logs
		5  |   # bucket does not have versioning
		6  |   bucket        = "${local.resource_prefix.value}-data"
		7  |   force_destroy = true
		8  |   tags = merge({
		9  |     Name        = "${local.resource_prefix.value}-data"
		10 |     Environment = local.resource_prefix.value
		11 |     }, {
		12 |     git_commit           = "4d57f83ca4d3a78a44fb36d1dcf0d23983fa44f5"
		13 |     git_file             = "terraform/aws/s3.tf"
		14 |     git_last_modified_at = "2022-05-18 07:08:06"
		15 |     git_last_modified_by = "nimrod@bridgecrew.io"
		16 |     git_modifiers        = "34870196+LironElbaz/nimrod/nimrodkor"
		17 |     git_org              = "bridgecrewio"
		18 |     git_repo             = "terragoat"
		19 |     yor_trace            = "0874007d-903a-4b4c-945f-c9c233e13243"
		20 |   })
		21 | }
</failure>
		</testcase>
		<testcase name="[NONE][CKV_AWS_21] Ensure all data stored in the S3 bucket have versioning enabled" classname="/s3.tf.aws_s3_bucket.financials" file="/s3.tf">
			<failure type="failure" message="Ensure all data stored in the S3 bucket have versioning enabled">
Resource: aws_s3_bucket.financials
File: /s3.tf: 42-63
Guideline: https://docs.prismacloud.io/en/enterprise-edition/policy-reference/aws-policies/s3-policies/s3-16-enable-versioning

		42 | resource "aws_s3_bucket" "financials" {
		43 |   # bucket is not encrypted
		44 |   # bucket does not have access logs
		45 |   # bucket does not have versioning
		46 |   bucket        = "${local.resource_prefix.value}-financials"
		47 |   acl           = "private"
		48 |   force_destroy = true
		49 |   tags = merge({
		50 |     Name        = "${local.resource_prefix.value}-financials"
		51 |     Environment = local.resource_prefix.value
		52 |     }, {
		53 |     git_commit           = "d68d2897add9bc2203a5ed0632a5cdd8ff8cefb0"
		54 |     git_file             = "terraform/aws/s3.tf"
		55 |     git_last_modified_at = "2020-06-16 14:46:24"
		56 |     git_last_modified_by = "nimrodkor@gmail.com"
		57 |     git_modifiers        = "nimrodkor"
		58 |     git_org              = "bridgecrewio"
		59 |     git_repo             = "terragoat"
		60 |     yor_trace            = "0e012640-b597-4e5d-9378-d4b584aea913"
		61 |   })
		62 | 
		63 | }
</failure>
		</testcase>
		<testcase name="[NONE][CKV_AWS_21] Ensure all data stored in the S3 bucket have versioning enabled" classname="/s3_failed.tf.aws_s3_bucket.insecure_bucket" file="/s3_failed.tf">
			<failure type="failure" message="Ensure all data stored in the S3 bucket have versioning enabled">
Resource: aws_s3_bucket.insecure_bucket
File: /s3_failed.tf: 1-3
Guideline: https://docs.prismacloud.io/en/enterprise-edition/policy-reference/aws-policies/s3-policies/s3-16-enable-versioning

		1 | resource "aws_s3_bucket" "insecure_bucket" {
		2 |   bucket = "checkov-demo-insecure-bucket"
		3 | }
</failure>
		</testcase>
		<testcase name="[NONE][CKV_AWS_18] Ensure the S3 bucket has access logging enabled" classname="/ec2.tf.aws_s3_bucket.flowbucket" file="/ec2.tf">
			<failure type="failure" message="Ensure the S3 bucket has access logging enabled">
Resource: aws_s3_bucket.flowbucket
File: /ec2.tf: 271-288
Guideline: https://docs.prismacloud.io/en/enterprise-edition/policy-reference/aws-policies/s3-policies/s3-13-enable-logging

		271 | resource "aws_s3_bucket" "flowbucket" {
		272 |   bucket        = "${local.resource_prefix.value}-flowlogs"
		273 |   force_destroy = true
		274 | 
		275 |   tags = merge({
		276 |     Name        = "${local.resource_prefix.value}-flowlogs"
		277 |     Environment = local.resource_prefix.value
		278 |     }, {
		279 |     git_commit           = "d68d2897add9bc2203a5ed0632a5cdd8ff8cefb0"
		280 |     git_file             = "terraform/aws/ec2.tf"
		281 |     git_last_modified_at = "2020-06-16 14:46:24"
		282 |     git_last_modified_by = "nimrodkor@gmail.com"
		283 |     git_modifiers        = "nimrodkor"
		284 |     git_org              = "bridgecrewio"
		285 |     git_repo             = "terragoat"
		286 |     yor_trace            = "f058838a-b1e0-4383-b965-7e06e987ffb1"
		287 |   })
		288 | }
</failure>
		</testcase>
		<testcase name="[NONE][CKV_AWS_18] Ensure the S3 bucket has access logging enabled" classname="/s3.tf.aws_s3_bucket.data" file="/s3.tf">
			<failure type="failure" message="Ensure the S3 bucket has access logging enabled">
Resource: aws_s3_bucket.data
File: /s3.tf: 1-21
Guideline: https://docs.prismacloud.io/en/enterprise-edition/policy-reference/aws-policies/s3-policies/s3-13-enable-logging

		1  | resource "aws_s3_bucket" "data" {
		2  |   # bucket is public
		3  |   # bucket is not encrypted
		4  |   # bucket does not have access logs
		5  |   # bucket does not have versioning
		6  |   bucket        = "${local.resource_prefix.value}-data"
		7  |   force_destroy = true
		8  |   tags = merge({
		9  |     Name        = "${local.resource_prefix.value}-data"
		10 |     Environment = local.resource_prefix.value
		11 |     }, {
		12 |     git_commit           = "4d57f83ca4d3a78a44fb36d1dcf0d23983fa44f5"
		13 |     git_file             = "terraform/aws/s3.tf"
		14 |     git_last_modified_at = "2022-05-18 07:08:06"
		15 |     git_last_modified_by = "nimrod@bridgecrew.io"
		16 |     git_modifiers        = "34870196+LironElbaz/nimrod/nimrodkor"
		17 |     git_org              = "bridgecrewio"
		18 |     git_repo             = "terragoat"
		19 |     yor_trace            = "0874007d-903a-4b4c-945f-c9c233e13243"
		20 |   })
		21 | }
</failure>
		</testcase>
		<testcase name="[NONE][CKV_AWS_18] Ensure the S3 bucket has access logging enabled" classname="/s3.tf.aws_s3_bucket.operations" file="/s3.tf">
			<failure type="failure" message="Ensure the S3 bucket has access logging enabled">
Resource: aws_s3_bucket.operations
File: /s3.tf: 65-87
Guideline: https://docs.prismacloud.io/en/enterprise-edition/policy-reference/aws-policies/s3-policies/s3-13-enable-logging

		65 | resource "aws_s3_bucket" "operations" {
		66 |   # bucket is not encrypted
		67 |   # bucket does not have access logs
		68 |   bucket = "${local.resource_prefix.value}-operations"
		69 |   acl    = "private"
		70 |   versioning {
		71 |     enabled = true
		72 |   }
		73 |   force_destroy = true
		74 |   tags = merge({
		75 |     Name        = "${local.resource_prefix.value}-operations"
		76 |     Environment = local.resource_prefix.value
		77 |     }, {
		78 |     git_commit           = "d68d2897add9bc2203a5ed0632a5cdd8ff8cefb0"
		79 |     git_file             = "terraform/aws/s3.tf"
		80 |     git_last_modified_at = "2020-06-16 14:46:24"
		81 |     git_last_modified_by = "nimrodkor@gmail.com"
		82 |     git_modifiers        = "nimrodkor"
		83 |     git_org              = "bridgecrewio"
		84 |     git_repo             = "terragoat"
		85 |     yor_trace            = "29efcf7b-22a8-4bd6-8e14-1f55b3a2d743"
		86 |   })
		87 | }
</failure>
		</testcase>
		<testcase name="[NONE][CKV_AWS_18] Ensure the S3 bucket has access logging enabled" classname="/s3.tf.aws_s3_bucket.financials" file="/s3.tf">
			<failure type="failure" message="Ensure the S3 bucket has access logging enabled">
Resource: aws_s3_bucket.financials
File: /s3.tf: 42-63
Guideline: https://docs.prismacloud.io/en/enterprise-edition/policy-reference/aws-policies/s3-policies/s3-13-enable-logging

		42 | resource "aws_s3_bucket" "financials" {
		43 |   # bucket is not encrypted
		44 |   # bucket does not have access logs
		45 |   # bucket does not have versioning
		46 |   bucket        = "${local.resource_prefix.value}-financials"
		47 |   acl           = "private"
		48 |   force_destroy = true
		49 |   tags = merge({
		50 |     Name        = "${local.resource_prefix.value}-financials"
		51 |     Environment = local.resource_prefix.value
		52 |     }, {
		53 |     git_commit           = "d68d2897add9bc2203a5ed0632a5cdd8ff8cefb0"
		54 |     git_file             = "terraform/aws/s3.tf"
		55 |     git_last_modified_at = "2020-06-16 14:46:24"
		56 |     git_last_modified_by = "nimrodkor@gmail.com"
		57 |     git_modifiers        = "nimrodkor"
		58 |     git_org              = "bridgecrewio"
		59 |     git_repo             = "terragoat"
		60 |     yor_trace            = "0e012640-b597-4e5d-9378-d4b584aea913"
		61 |   })
		62 | 
		63 | }
</failure>
		</testcase>
		<testcase name="[NONE][CKV_AWS_18] Ensure the S3 bucket has access logging enabled" classname="/s3_failed.tf.aws_s3_bucket.insecure_bucket" file="/s3_failed.tf">
			<failure type="failure" message="Ensure the S3 bucket has access logging enabled">
Resource: aws_s3_bucket.insecure_bucket
File: /s3_failed.tf: 1-3
Guideline: https://docs.prismacloud.io/en/enterprise-edition/policy-reference/aws-policies/s3-policies/s3-13-enable-logging

		1 | resource "aws_s3_bucket" "insecure_bucket" {
		2 |   bucket = "checkov-demo-insecure-bucket"
		3 | }
</failure>
		</testcase>
		<testcase name="[NONE][CKV_AWS_18] Ensure the S3 bucket has access logging enabled" classname="/s3.tf.aws_s3_bucket.logs" file="/s3.tf">
			<failure type="failure" message="Ensure the S3 bucket has access logging enabled">
Resource: aws_s3_bucket.logs
File: /s3.tf: 113-141
Guideline: https://docs.prismacloud.io/en/enterprise-edition/policy-reference/aws-policies/s3-policies/s3-13-enable-logging

		113 | resource "aws_s3_bucket" "logs" {
		114 |   bucket = "${local.resource_prefix.value}-logs"
		115 |   acl    = "log-delivery-write"
		116 |   versioning {
		117 |     enabled = true
		118 |   }
		119 |   server_side_encryption_configuration {
		120 |     rule {
		121 |       apply_server_side_encryption_by_default {
		122 |         sse_algorithm     = "aws:kms"
		123 |         kms_master_key_id = "${aws_kms_key.logs_key.arn}"
		124 |       }
		125 |     }
		126 |   }
		127 |   force_destroy = true
		128 |   tags = merge({
		129 |     Name        = "${local.resource_prefix.value}-logs"
		130 |     Environment = local.resource_prefix.value
		131 |     }, {
		132 |     git_commit           = "d68d2897add9bc2203a5ed0632a5cdd8ff8cefb0"
		133 |     git_file             = "terraform/aws/s3.tf"
		134 |     git_last_modified_at = "2020-06-16 14:46:24"
		135 |     git_last_modified_by = "nimrodkor@gmail.com"
		136 |     git_modifiers        = "nimrodkor"
		137 |     git_org              = "bridgecrewio"
		138 |     git_repo             = "terragoat"
		139 |     yor_trace            = "01946fe9-aae2-4c99-a975-e9b0d3a4696c"
		140 |   })
		141 | }
</failure>
		</testcase>
	</testsuite>
</testsuites>
