<?xml version="1.0" ?>
<testsuites disabled="0" errors="0" failures="215" tests="330" time="0.0">
	<testsuite disabled="0" errors="0" failures="215" name="terraform scan" skipped="0" tests="330" time="0">
		<properties>
[...]
</properties>
		<testcase name="[NONE][CKV_AWS_211] Ensure RDS uses a modern CaCert" classname="/db-app.tf.aws_db_instance.default" file="/db-app.tf"/>
		<testcase name="[NONE][CKV_AWS_354] Ensure RDS Performance Insights are encrypted using KMS CMKs" classname="/db-app.tf.aws_db_instance.default" file="/db-app.tf"/>
		<testcase name="[NONE][CKV_AWS_388] Ensure AWS Aurora PostgreSQL is not exposed to local file read vulnerability" classname="/db-app.tf.aws_db_instance.default" file="/db-app.tf"/>
		<testcase name="[NONE][CKV_AWS_25] Ensure no security groups allow ingress from 0.0.0.0:0 to port 3389" classname="/db-app.tf.aws_security_group.default" file="/db-app.tf"/>
		<testcase name="[NONE][CKV_AWS_24] Ensure no security groups allow ingress from 0.0.0.0:0 to port 22" classname="/db-app.tf.aws_security_group.default" file="/db-app.tf"/>
		<testcase name="[NONE][CKV_AWS_260] Ensure no security groups allow ingress from 0.0.0.0:0 to port 80" classname="/db-app.tf.aws_security_group.default" file="/db-app.tf"/>
		<testcase name="[NONE][CKV_AWS_382] Ensure no security groups allow egress from 0.0.0.0:0 to port -1" classname="/db-app.tf.aws_security_group.default" file="/db-app.tf"/>
		<testcase name="[NONE][CKV_AWS_277] Ensure no security groups allow ingress from 0.0.0.0:0 to port -1" classname="/db-app.tf.aws_security_group.default" file="/db-app.tf"/>
		<testcase name="[NONE][CKV_AWS_25] Ensure no security groups allow ingress from 0.0.0.0:0 to port 3389" classname="/db-app.tf.aws_security_group_rule.ingress" file="/db-app.tf"/>
		<testcase name="[NONE][CKV_AWS_24] Ensure no security groups allow ingress from 0.0.0.0:0 to port 22" classname="/db-app.tf.aws_security_group_rule.ingress" file="/db-app.tf"/>
		<testcase name="[NONE][CKV_AWS_260] Ensure no security groups allow ingress from 0.0.0.0:0 to port 80" classname="/db-app.tf.aws_security_group_rule.ingress" file="/db-app.tf"/>
		<testcase name="[NONE][CKV_AWS_277] Ensure no security groups allow ingress from 0.0.0.0:0 to port -1" classname="/db-app.tf.aws_security_group_rule.ingress" file="/db-app.tf"/>
		<testcase name="[NONE][CKV_AWS_60] Ensure IAM role allows only specific services or principals to assume it" classname="/db-app.tf.aws_iam_role.ec2role" file="/db-app.tf"/>
		<testcase name="[NONE][CKV_AWS_61] Ensure AWS IAM policy does not allow assume role permission across all services" classname="/db-app.tf.aws_iam_role.ec2role" file="/db-app.tf"/>
		<testcase name="[NONE][CKV_AWS_274] Disallow IAM roles, users, and groups from using the AWS AdministratorAccess policy" classname="/db-app.tf.aws_iam_role.ec2role" file="/db-app.tf"/>
		<testcase name="[NONE][CKV_AWS_393] Ensure AWS GitHub Actions OIDC authorization policies only allow safe claims and claim order on IAM role" classname="/db-app.tf.aws_iam_role.ec2role" file="/db-app.tf"/>
		<testcase name="[NONE][CKV_AWS_286] Ensure IAM policies does not allow privilege escalation" classname="/db-app.tf.aws_iam_role_policy.ec2policy" file="/db-app.tf"/>
		<testcase name="[NONE][CKV_AWS_63] Ensure no IAM policies documents allow &quot;*&quot; as a statement's actions" classname="/db-app.tf.aws_iam_role_policy.ec2policy" file="/db-app.tf"/>
		<testcase name="[NONE][CKV_AWS_62] Ensure IAM policies that allow full &quot;*-*&quot; administrative privileges are not created" classname="/db-app.tf.aws_iam_role_policy.ec2policy" file="/db-app.tf"/>
		<testcase name="[NONE][CKV_AWS_46] Ensure no hard-coded secrets exist in EC2 user data" classname="/db-app.tf.aws_instance.db_app" file="/db-app.tf"/>
		<testcase name="[NONE][CKV_AWS_88] EC2 instance should not have public IP." classname="/db-app.tf.aws_instance.db_app" file="/db-app.tf"/>
		<testcase name="[NONE][CKV_AWS_386] Reduce potential for WhoAMI cloud image name confusion attack" classname="/db-app.tf.aws_ami.amazon-linux-2" file="/db-app.tf"/>
		<testcase name="[NONE][CKV_AWS_88] EC2 instance should not have public IP." classname="/ec2.tf.aws_instance.web_host" file="/ec2.tf"/>
		<testcase name="[NONE][CKV_AWS_25] Ensure no security groups allow ingress from 0.0.0.0:0 to port 3389" classname="/ec2.tf.aws_security_group.web-node" file="/ec2.tf"/>
		<testcase name="[NONE][CKV_AWS_277] Ensure no security groups allow ingress from 0.0.0.0:0 to port -1" classname="/ec2.tf.aws_security_group.web-node" file="/ec2.tf"/>
		<testcase name="[NONE][CKV_AWS_93] Ensure S3 bucket policy does not lockout all but root user. (Prevent lockouts needing root account fixes)" classname="/ec2.tf.aws_s3_bucket.flowbucket" file="/ec2.tf"/>
		<testcase name="[NONE][CKV_AWS_60] Ensure IAM role allows only specific services or principals to assume it" classname="/eks.tf.aws_iam_role.iam_for_eks" file="/eks.tf"/>
		<testcase name="[NONE][CKV_AWS_61] Ensure AWS IAM policy does not allow assume role permission across all services" classname="/eks.tf.aws_iam_role.iam_for_eks" file="/eks.tf"/>
		<testcase name="[NONE][CKV_AWS_274] Disallow IAM roles, users, and groups from using the AWS AdministratorAccess policy" classname="/eks.tf.aws_iam_role.iam_for_eks" file="/eks.tf"/>
		<testcase name="[NONE][CKV_AWS_393] Ensure AWS GitHub Actions OIDC authorization policies only allow safe claims and claim order on IAM role" classname="/eks.tf.aws_iam_role.iam_for_eks" file="/eks.tf"/>
		<testcase name="[NONE][CKV_AWS_274] Disallow IAM roles, users, and groups from using the AWS AdministratorAccess policy" classname="/eks.tf.aws_iam_role_policy_attachment.policy_attachment-AmazonEKSClusterPolicy" file="/eks.tf"/>
		<testcase name="[NONE][CKV_AWS_274] Disallow IAM roles, users, and groups from using the AWS AdministratorAccess policy" classname="/eks.tf.aws_iam_role_policy_attachment.policy_attachment-AmazonEKSServicePolicy" file="/eks.tf"/>
		<testcase name="[NONE][CKV_AWS_339] Ensure EKS clusters run on a supported Kubernetes version" classname="/eks.tf.aws_eks_cluster.eks_cluster" file="/eks.tf"/>
		<testcase name="[NONE][CKV_AWS_110] Ensure IAM policies does not allow privilege escalation" classname="/eks.tf.aws_iam_policy_document.iam_policy_eks" file="/eks.tf"/>
		<testcase name="[NONE][CKV_AWS_356] Ensure no IAM policies documents allow &quot;*&quot; as a statement's resource for restrictable actions" classname="/eks.tf.aws_iam_policy_document.iam_policy_eks" file="/eks.tf"/>
		<testcase name="[NONE][CKV_AWS_1] Ensure IAM policies that allow full &quot;*-*&quot; administrative privileges are not created" classname="/eks.tf.aws_iam_policy_document.iam_policy_eks" file="/eks.tf"/>
		<testcase name="[NONE][CKV_AWS_108] Ensure IAM policies does not allow data exfiltration" classname="/eks.tf.aws_iam_policy_document.iam_policy_eks" file="/eks.tf"/>
		<testcase name="[NONE][CKV_AWS_107] Ensure IAM policies does not allow credentials exposure" classname="/eks.tf.aws_iam_policy_document.iam_policy_eks" file="/eks.tf"/>
		<testcase name="[NONE][CKV_AWS_49] Ensure no IAM policies documents allow &quot;*&quot; as a statement's actions" classname="/eks.tf.aws_iam_policy_document.iam_policy_eks" file="/eks.tf"/>
		<testcase name="[NONE][CKV_AWS_111] Ensure IAM policies does not allow write access without constraints" classname="/eks.tf.aws_iam_policy_document.iam_policy_eks" file="/eks.tf"/>
		<testcase name="[NONE][CKV_AWS_358] Ensure AWS GitHub Actions OIDC authorization policies only allow safe claims and claim order" classname="/eks.tf.aws_iam_policy_document.iam_policy_eks" file="/eks.tf"/>
		<testcase name="[NONE][CKV_AWS_109] Ensure IAM policies does not allow permissions management / resource exposure without constraints" classname="/eks.tf.aws_iam_policy_document.iam_policy_eks" file="/eks.tf"/>
		<testcase name="[NONE][CKV_AWS_283] Ensure no IAM policies documents allow ALL or any AWS principal permissions to the resource" classname="/eks.tf.aws_iam_policy_document.iam_policy_eks" file="/eks.tf"/>
		<testcase name="[NONE][CKV_AWS_138] Ensure that ELB is cross-zone-load-balancing enabled" classname="/elb.tf.aws_elb.weblb" file="/elb.tf"/>
		<testcase name="[NONE][CKV_AWS_328] Ensure that ALB is configured with defensive or strictest desync mitigation mode" classname="/elb.tf.aws_elb.weblb" file="/elb.tf"/>
		<testcase name="[NONE][CKV_AWS_6] Ensure all Elasticsearch has node-to-node encryption enabled" classname="/es.tf.aws_elasticsearch_domain.monitoring-framework" file="/es.tf"/>
		<testcase name="[NONE][CKV_AWS_83] Ensure Elasticsearch Domain enforces HTTPS" classname="/es.tf.aws_elasticsearch_domain.monitoring-framework" file="/es.tf"/>
		<testcase name="[NONE][CKV_AWS_110] Ensure IAM policies does not allow privilege escalation" classname="/es.tf.aws_iam_policy_document.policy" file="/es.tf"/>
		<testcase name="[NONE][CKV_AWS_1] Ensure IAM policies that allow full &quot;*-*&quot; administrative privileges are not created" classname="/es.tf.aws_iam_policy_document.policy" file="/es.tf"/>
		<testcase name="[NONE][CKV_AWS_108] Ensure IAM policies does not allow data exfiltration" classname="/es.tf.aws_iam_policy_document.policy" file="/es.tf"/>
		<testcase name="[NONE][CKV_AWS_107] Ensure IAM policies does not allow credentials exposure" classname="/es.tf.aws_iam_policy_document.policy" file="/es.tf"/>
		<testcase name="[NONE][CKV_AWS_49] Ensure no IAM policies documents allow &quot;*&quot; as a statement's actions" classname="/es.tf.aws_iam_policy_document.policy" file="/es.tf"/>
		<testcase name="[NONE][CKV_AWS_358] Ensure AWS GitHub Actions OIDC authorization policies only allow safe claims and claim order" classname="/es.tf.aws_iam_policy_document.policy" file="/es.tf"/>
		<testcase name="[NONE][CKV_AWS_63] Ensure no IAM policies documents allow &quot;*&quot; as a statement's actions" classname="/iam.tf.aws_iam_user_policy.userpolicy" file="/iam.tf"/>
		<testcase name="[NONE][CKV_AWS_62] Ensure IAM policies that allow full &quot;*-*&quot; administrative privileges are not created" classname="/iam.tf.aws_iam_user_policy.userpolicy" file="/iam.tf"/>
		<testcase name="[NONE][CKV_AWS_33] Ensure KMS key policy does not contain wildcard (*) principal" classname="/kms.tf.aws_kms_key.logs_key" file="/kms.tf"/>
		<testcase name="[NONE][CKV_AWS_227] Ensure KMS key is enabled" classname="/kms.tf.aws_kms_key.logs_key" file="/kms.tf"/>
		<testcase name="[NONE][CKV_AWS_60] Ensure IAM role allows only specific services or principals to assume it" classname="/lambda.tf.aws_iam_role.iam_for_lambda" file="/lambda.tf"/>
		<testcase name="[NONE][CKV_AWS_61] Ensure AWS IAM policy does not allow assume role permission across all services" classname="/lambda.tf.aws_iam_role.iam_for_lambda" file="/lambda.tf"/>
		<testcase name="[NONE][CKV_AWS_274] Disallow IAM roles, users, and groups from using the AWS AdministratorAccess policy" classname="/lambda.tf.aws_iam_role.iam_for_lambda" file="/lambda.tf"/>
		<testcase name="[NONE][CKV_AWS_393] Ensure AWS GitHub Actions OIDC authorization policies only allow safe claims and claim order on IAM role" classname="/lambda.tf.aws_iam_role.iam_for_lambda" file="/lambda.tf"/>
		<testcase name="[NONE][CKV_AWS_102] Ensure Neptune Cluster instance is not publicly available" classname="/neptune.tf.aws_neptune_cluster_instance.default[0]" file="/neptune.tf"/>
		<testcase name="[NONE][CKV_AWS_41] Ensure no hard coded AWS access key and secret key exists in provider" classname="/providers.tf.aws.default" file="/providers.tf"/>
		<testcase name="[NONE][CKV_AWS_133] Ensure that RDS instances has backup policy" classname="/rds.tf.aws_rds_cluster.app2-rds-cluster" file="/rds.tf"/>
		<testcase name="[NONE][CKV_AWS_133] Ensure that RDS instances has backup policy" classname="/rds.tf.aws_rds_cluster.app3-rds-cluster" file="/rds.tf"/>
		<testcase name="[NONE][CKV_AWS_133] Ensure that RDS instances has backup policy" classname="/rds.tf.aws_rds_cluster.app4-rds-cluster" file="/rds.tf"/>
		<testcase name="[NONE][CKV_AWS_133] Ensure that RDS instances has backup policy" classname="/rds.tf.aws_rds_cluster.app5-rds-cluster" file="/rds.tf"/>
		<testcase name="[NONE][CKV_AWS_133] Ensure that RDS instances has backup policy" classname="/rds.tf.aws_rds_cluster.app6-rds-cluster" file="/rds.tf"/>
		<testcase name="[NONE][CKV_AWS_133] Ensure that RDS instances has backup policy" classname="/rds.tf.aws_rds_cluster.app7-rds-cluster" file="/rds.tf"/>
		<testcase name="[NONE][CKV_AWS_133] Ensure that RDS instances has backup policy" classname="/rds.tf.aws_rds_cluster.app8-rds-cluster" file="/rds.tf"/>
		<testcase name="[NONE][CKV_AWS_133] Ensure that RDS instances has backup policy" classname="/rds.tf.aws_rds_cluster.app9-rds-cluster" file="/rds.tf"/>
		<testcase name="[NONE][CKV_AWS_93] Ensure S3 bucket policy does not lockout all but root user. (Prevent lockouts needing root account fixes)" classname="/s3.tf.aws_s3_bucket.data" file="/s3.tf"/>
		<testcase name="[NONE][CKV_AWS_93] Ensure S3 bucket policy does not lockout all but root user. (Prevent lockouts needing root account fixes)" classname="/s3.tf.aws_s3_bucket.financials" file="/s3.tf"/>
		<testcase name="[NONE][CKV_AWS_93] Ensure S3 bucket policy does not lockout all but root user. (Prevent lockouts needing root account fixes)" classname="/s3.tf.aws_s3_bucket.operations" file="/s3.tf"/>
		<testcase name="[NONE][CKV_AWS_93] Ensure S3 bucket policy does not lockout all but root user. (Prevent lockouts needing root account fixes)" classname="/s3.tf.aws_s3_bucket.data_science" file="/s3.tf"/>
		<testcase name="[NONE][CKV_AWS_93] Ensure S3 bucket policy does not lockout all but root user. (Prevent lockouts needing root account fixes)" classname="/s3.tf.aws_s3_bucket.logs" file="/s3.tf"/>
		<testcase name="[NONE][CKV2_AWS_41] Ensure an IAM role is attached to EC2 instance" classname="/db-app.tf.aws_instance.db_app" file="/db-app.tf"/>
		<testcase name="[NONE][CKV2_AWS_22] Ensure an IAM User does not have access to the console" classname="/iam.tf.aws_iam_user.user" file="/iam.tf"/>
		<testcase name="[NONE][CKV2_AWS_5] Ensure that Security Groups are attached to another resource" classname="/db-app.tf.aws_security_group.default" file="/db-app.tf"/>
		<testcase name="[NONE][CKV2_AWS_5] Ensure that Security Groups are attached to another resource" classname="/ec2.tf.aws_security_group.web-node" file="/ec2.tf"/>
		<testcase name="[NONE][CKV2_AWS_35] AWS NAT Gateways should be utilized for the default route" classname="/ec2.tf.aws_route_table.web_rtb" file="/ec2.tf"/>
		<testcase name="[NONE][CKV2_AWS_35] AWS NAT Gateways should be utilized for the default route" classname="/ec2.tf.aws_route.public_internet_gateway" file="/ec2.tf"/>
		<testcase name="[NONE][CKV2_AWS_11] Ensure VPC flow logging is enabled in all VPCs" classname="/ec2.tf.aws_vpc.web_vpc" file="/ec2.tf"/>
		<testcase name="[NONE][CKV_AWS_20] S3 Bucket has an ACL defined which allows public READ access." classname="/s3.tf.aws_s3_bucket.financials" file="/s3.tf"/>
		<testcase name="[NONE][CKV_AWS_20] S3 Bucket has an ACL defined which allows public READ access." classname="/s3.tf.aws_s3_bucket.operations" file="/s3.tf"/>
		<testcase name="[NONE][CKV_AWS_20] S3 Bucket has an ACL defined which allows public READ access." classname="/s3.tf.aws_s3_bucket.data_science" file="/s3.tf"/>
		<testcase name="[NONE][CKV_AWS_20] S3 Bucket has an ACL defined which allows public READ access." classname="/s3.tf.aws_s3_bucket.logs" file="/s3.tf"/>
		<testcase name="[NONE][CKV_AWS_20] S3 Bucket has an ACL defined which allows public READ access." classname="/ec2.tf.aws_s3_bucket.flowbucket" file="/ec2.tf"/>
		<testcase name="[NONE][CKV_AWS_20] S3 Bucket has an ACL defined which allows public READ access." classname="/s3.tf.aws_s3_bucket.data" file="/s3.tf"/>
		<testcase name="[NONE][CKV_AWS_21] Ensure all data stored in the S3 bucket have versioning enabled" classname="/s3.tf.aws_s3_bucket.operations" file="/s3.tf"/>
		<testcase name="[NONE][CKV_AWS_21] Ensure all data stored in the S3 bucket have versioning enabled" classname="/s3.tf.aws_s3_bucket.data_science" file="/s3.tf"/>
		<testcase name="[NONE][CKV_AWS_21] Ensure all data stored in the S3 bucket have versioning enabled" classname="/s3.tf.aws_s3_bucket.logs" file="/s3.tf"/>
		<testcase name="[NONE][CKV2_AWS_44] Ensure AWS route table with VPC peering does not contain routes overly permissive to all traffic" classname="/ec2.tf.aws_route_table.web_rtb" file="/ec2.tf"/>
		<testcase name="[NONE][CKV2_AWS_44] Ensure AWS route table with VPC peering does not contain routes overly permissive to all traffic" classname="/ec2.tf.aws_route.public_internet_gateway" file="/ec2.tf"/>
		<testcase name="[NONE][CKV2_AWS_40] Ensure AWS IAM policy does not allow full IAM privileges" classname="/db-app.tf.aws_iam_role_policy.ec2policy" file="/db-app.tf"/>
		<testcase name="[NONE][CKV2_AWS_40] Ensure AWS IAM policy does not allow full IAM privileges" classname="/eks.tf.aws_iam_policy_document.iam_policy_eks" file="/eks.tf"/>
		<testcase name="[NONE][CKV2_AWS_40] Ensure AWS IAM policy does not allow full IAM privileges" classname="/es.tf.aws_iam_policy_document.policy" file="/es.tf"/>
		<testcase name="[NONE][CKV2_AWS_40] Ensure AWS IAM policy does not allow full IAM privileges" classname="/iam.tf.aws_iam_user_policy.userpolicy" file="/iam.tf"/>
		<testcase name="[NONE][CKV2_AWS_75] Ensure no open CORS policy" classname="/lambda.tf.aws_lambda_function.analysis_lambda" file="/lambda.tf"/>
		<testcase name="[NONE][CKV2_AWS_56] Ensure AWS Managed IAMFullAccess IAM policy is not used." classname="/eks.tf.aws_iam_role_policy_attachment.policy_attachment-AmazonEKSClusterPolicy" file="/eks.tf"/>
		<testcase name="[NONE][CKV2_AWS_56] Ensure AWS Managed IAMFullAccess IAM policy is not used." classname="/eks.tf.aws_iam_role_policy_attachment.policy_attachment-AmazonEKSServicePolicy" file="/eks.tf"/>
		<testcase name="[NONE][CKV_AWS_57] S3 Bucket has an ACL defined which allows public WRITE access." classname="/s3.tf.aws_s3_bucket.financials" file="/s3.tf"/>
		<testcase name="[NONE][CKV_AWS_57] S3 Bucket has an ACL defined which allows public WRITE access." classname="/s3.tf.aws_s3_bucket.operations" file="/s3.tf"/>
		<testcase name="[NONE][CKV_AWS_57] S3 Bucket has an ACL defined which allows public WRITE access." classname="/s3.tf.aws_s3_bucket.data_science" file="/s3.tf"/>
		<testcase name="[NONE][CKV_AWS_57] S3 Bucket has an ACL defined which allows public WRITE access." classname="/s3.tf.aws_s3_bucket.logs" file="/s3.tf"/>
		<testcase name="[NONE][CKV_AWS_57] S3 Bucket has an ACL defined which allows public WRITE access." classname="/ec2.tf.aws_s3_bucket.flowbucket" file="/ec2.tf"/>
		<testcase name="[NONE][CKV_AWS_57] S3 Bucket has an ACL defined which allows public WRITE access." classname="/s3.tf.aws_s3_bucket.data" file="/s3.tf"/>
		<testcase name="[NONE][CKV_AWS_145] Ensure that S3 buckets are encrypted with KMS by default" classname="/s3.tf.aws_s3_bucket.logs" file="/s3.tf"/>
		<testcase name="[NONE][CKV_AWS_18] Ensure the S3 bucket has access logging enabled" classname="/s3.tf.aws_s3_bucket.data_science" file="/s3.tf"/>
		<testcase name="[NONE][CKV_AWS_19] Ensure all data stored in the S3 bucket is securely encrypted at rest" classname="/s3.tf.aws_s3_bucket.logs" file="/s3.tf"/>
		<testcase name="[NONE][CKV_AWS_19] Ensure all data stored in the S3 bucket is securely encrypted at rest" classname="/ec2.tf.aws_s3_bucket.flowbucket" file="/ec2.tf"/>
		<testcase name="[NONE][CKV_AWS_19] Ensure all data stored in the S3 bucket is securely encrypted at rest" classname="/s3.tf.aws_s3_bucket.data" file="/s3.tf"/>
		<testcase name="[NONE][CKV_AWS_19] Ensure all data stored in the S3 bucket is securely encrypted at rest" classname="/s3.tf.aws_s3_bucket.financials" file="/s3.tf"/>
		<testcase name="[NONE][CKV_AWS_19] Ensure all data stored in the S3 bucket is securely encrypted at rest" classname="/s3.tf.aws_s3_bucket.operations" file="/s3.tf"/>
		<testcase name="[NONE][CKV_AWS_19] Ensure all data stored in the S3 bucket is securely encrypted at rest" classname="/s3.tf.aws_s3_bucket.data_science" file="/s3.tf"/>
		<testcase name="[NONE][CKV_AWS_129] Ensure that respective logs of Amazon Relational Database Service (Amazon RDS) are enabled" classname="/db-app.tf.aws_db_instance.default" file="/db-app.tf">
			<failure type="failure" message="Ensure that respective logs of Amazon Relational Database Service (Amazon RDS) are enabled">
Resource: aws_db_instance.default
File: /db-app.tf: 1-42
Guideline: https://docs.prismacloud.io/en/enterprise-edition/policy-reference/aws-policies/aws-iam-policies/ensure-that-respective-logs-of-amazon-relational-database-service-amazon-rds-are-enabled

		1  | resource "aws_db_instance" "default" {
		2  | 
		3  |   name                   = var.dbname
		4  |   engine                 = "mysql"
		5  |   option_group_name      = aws_db_option_group.default.name
		6  |   parameter_group_name   = aws_db_parameter_group.default.name
		7  |   db_subnet_group_name   = aws_db_subnet_group.default.name
		8  |   vpc_security_group_ids = ["${aws_security_group.default.id}"]
		9  | 
		10 |   identifier              = "rds-${local.resource_prefix.value}"
		11 |   engine_version          = "8.0" # Latest major version 
		12 |   instance_class          = "db.t3.micro"
		13 |   allocated_storage       = "20"
		14 |   username                = "admin"
		15 |   password                = var.password
		16 |   apply_immediately       = true
		17 |   multi_az                = false
		18 |   backup_retention_period = 0
		19 |   storage_encrypted       = false
		20 |   skip_final_snapshot     = true
		21 |   monitoring_interval     = 0
		22 |   publicly_accessible     = true
		23 | 
		24 |   tags = merge({
		25 |     Name        = "${local.resource_prefix.value}-rds"
		26 |     Environment = local.resource_prefix.value
		27 |     }, {
		28 |     git_commit           = "e6d83b21346fe85d4fe28b16c0b2f1e0662eb1d7"
		29 |     git_file             = "terraform/aws/db-app.tf"
		30 |     git_last_modified_at = "2023-04-27 12:47:51"
		31 |     git_last_modified_by = "nadler@paloaltonetworks.com"
		32 |     git_modifiers        = "nadler/nimrodkor"
		33 |     git_org              = "bridgecrewio"
		34 |     git_repo             = "terragoat"
		35 |     yor_trace            = "47c13290-c2ce-48a7-b666-1b0085effb92"
		36 |   })
		37 | 
		38 |   # Ignore password changes from tf plan diff
		39 |   lifecycle {
		40 |     ignore_changes = ["password"]
		41 |   }
		42 | }
</failure>
		</testcase>
		<testcase name="[NONE][CKV_AWS_161] Ensure RDS database has IAM authentication enabled" classname="/db-app.tf.aws_db_instance.default" file="/db-app.tf">
			<failure type="failure" message="Ensure RDS database has IAM authentication enabled">
Resource: aws_db_instance.default
File: /db-app.tf: 1-42
Guideline: https://docs.prismacloud.io/en/enterprise-edition/policy-reference/aws-policies/aws-iam-policies/ensure-rds-database-has-iam-authentication-enabled

		1  | resource "aws_db_instance" "default" {
		2  | 
		3  |   name                   = var.dbname
		4  |   engine                 = "mysql"
		5  |   option_group_name      = aws_db_option_group.default.name
		6  |   parameter_group_name   = aws_db_parameter_group.default.name
		7  |   db_subnet_group_name   = aws_db_subnet_group.default.name
		8  |   vpc_security_group_ids = ["${aws_security_group.default.id}"]
		9  | 
		10 |   identifier              = "rds-${local.resource_prefix.value}"
		11 |   engine_version          = "8.0" # Latest major version 
		12 |   instance_class          = "db.t3.micro"
		13 |   allocated_storage       = "20"
		14 |   username                = "admin"
		15 |   password                = var.password
		16 |   apply_immediately       = true
		17 |   multi_az                = false
		18 |   backup_retention_period = 0
		19 |   storage_encrypted       = false
		20 |   skip_final_snapshot     = true
		21 |   monitoring_interval     = 0
		22 |   publicly_accessible     = true
		23 | 
		24 |   tags = merge({
		25 |     Name        = "${local.resource_prefix.value}-rds"
		26 |     Environment = local.resource_prefix.value
		27 |     }, {
		28 |     git_commit           = "e6d83b21346fe85d4fe28b16c0b2f1e0662eb1d7"
		29 |     git_file             = "terraform/aws/db-app.tf"
		30 |     git_last_modified_at = "2023-04-27 12:47:51"
		31 |     git_last_modified_by = "nadler@paloaltonetworks.com"
		32 |     git_modifiers        = "nadler/nimrodkor"
		33 |     git_org              = "bridgecrewio"
		34 |     git_repo             = "terragoat"
		35 |     yor_trace            = "47c13290-c2ce-48a7-b666-1b0085effb92"
		36 |   })
		37 | 
		38 |   # Ignore password changes from tf plan diff
		39 |   lifecycle {
		40 |     ignore_changes = ["password"]
		41 |   }
		42 | }
</failure>
		</testcase>
		<testcase name="[NONE][CKV_AWS_118] Ensure that enhanced monitoring is enabled for Amazon RDS instances" classname="/db-app.tf.aws_db_instance.default" file="/db-app.tf">
			<failure type="failure" message="Ensure that enhanced monitoring is enabled for Amazon RDS instances">
Resource: aws_db_instance.default
File: /db-app.tf: 1-42
Guideline: https://docs.prismacloud.io/en/enterprise-edition/policy-reference/aws-policies/aws-logging-policies/ensure-that-enhanced-monitoring-is-enabled-for-amazon-rds-instances

		1  | resource "aws_db_instance" "default" {
		2  | 
		3  |   name                   = var.dbname
		4  |   engine                 = "mysql"
		5  |   option_group_name      = aws_db_option_group.default.name
		6  |   parameter_group_name   = aws_db_parameter_group.default.name
		7  |   db_subnet_group_name   = aws_db_subnet_group.default.name
		8  |   vpc_security_group_ids = ["${aws_security_group.default.id}"]
		9  | 
		10 |   identifier              = "rds-${local.resource_prefix.value}"
		11 |   engine_version          = "8.0" # Latest major version 
		12 |   instance_class          = "db.t3.micro"
		13 |   allocated_storage       = "20"
		14 |   username                = "admin"
		15 |   password                = var.password
		16 |   apply_immediately       = true
		17 |   multi_az                = false
		18 |   backup_retention_period = 0
		19 |   storage_encrypted       = false
		20 |   skip_final_snapshot     = true
		21 |   monitoring_interval     = 0
		22 |   publicly_accessible     = true
		23 | 
		24 |   tags = merge({
		25 |     Name        = "${local.resource_prefix.value}-rds"
		26 |     Environment = local.resource_prefix.value
		27 |     }, {
		28 |     git_commit           = "e6d83b21346fe85d4fe28b16c0b2f1e0662eb1d7"
		29 |     git_file             = "terraform/aws/db-app.tf"
		30 |     git_last_modified_at = "2023-04-27 12:47:51"
		31 |     git_last_modified_by = "nadler@paloaltonetworks.com"
		32 |     git_modifiers        = "nadler/nimrodkor"
		33 |     git_org              = "bridgecrewio"
		34 |     git_repo             = "terragoat"
		35 |     yor_trace            = "47c13290-c2ce-48a7-b666-1b0085effb92"
		36 |   })
		37 | 
		38 |   # Ignore password changes from tf plan diff
		39 |   lifecycle {
		40 |     ignore_changes = ["password"]
		41 |   }
		42 | }
</failure>
		</testcase>
		<testcase name="[NONE][CKV_AWS_17] Ensure all data stored in RDS is not publicly accessible" classname="/db-app.tf.aws_db_instance.default" file="/db-app.tf">
			<failure type="failure" message="Ensure all data stored in RDS is not publicly accessible">
Resource: aws_db_instance.default
File: /db-app.tf: 1-42
Guideline: https://docs.prismacloud.io/en/enterprise-edition/policy-reference/aws-policies/public-policies/public-2

		1  | resource "aws_db_instance" "default" {
		2  | 
		3  |   name                   = var.dbname
		4  |   engine                 = "mysql"
		5  |   option_group_name      = aws_db_option_group.default.name
		6  |   parameter_group_name   = aws_db_parameter_group.default.name
		7  |   db_subnet_group_name   = aws_db_subnet_group.default.name
		8  |   vpc_security_group_ids = ["${aws_security_group.default.id}"]
		9  | 
		10 |   identifier              = "rds-${local.resource_prefix.value}"
		11 |   engine_version          = "8.0" # Latest major version 
		12 |   instance_class          = "db.t3.micro"
		13 |   allocated_storage       = "20"
		14 |   username                = "admin"
		15 |   password                = var.password
		16 |   apply_immediately       = true
		17 |   multi_az                = false
		18 |   backup_retention_period = 0
		19 |   storage_encrypted       = false
		20 |   skip_final_snapshot     = true
		21 |   monitoring_interval     = 0
		22 |   publicly_accessible     = true
		23 | 
		24 |   tags = merge({
		25 |     Name        = "${local.resource_prefix.value}-rds"
		26 |     Environment = local.resource_prefix.value
		27 |     }, {
		28 |     git_commit           = "e6d83b21346fe85d4fe28b16c0b2f1e0662eb1d7"
		29 |     git_file             = "terraform/aws/db-app.tf"
		30 |     git_last_modified_at = "2023-04-27 12:47:51"
		31 |     git_last_modified_by = "nadler@paloaltonetworks.com"
		32 |     git_modifiers        = "nadler/nimrodkor"
		33 |     git_org              = "bridgecrewio"
		34 |     git_repo             = "terragoat"
		35 |     yor_trace            = "47c13290-c2ce-48a7-b666-1b0085effb92"
		36 |   })
		37 | 
		38 |   # Ignore password changes from tf plan diff
		39 |   lifecycle {
		40 |     ignore_changes = ["password"]
		41 |   }
		42 | }
</failure>
		</testcase>
		<testcase name="[NONE][CKV_AWS_157] Ensure that RDS instances have Multi-AZ enabled" classname="/db-app.tf.aws_db_instance.default" file="/db-app.tf">
			<failure type="failure" message="Ensure that RDS instances have Multi-AZ enabled">
Resource: aws_db_instance.default
File: /db-app.tf: 1-42
Guideline: https://docs.prismacloud.io/en/enterprise-edition/policy-reference/aws-policies/aws-general-policies/general-73

		1  | resource "aws_db_instance" "default" {
		2  | 
		3  |   name                   = var.dbname
		4  |   engine                 = "mysql"
		5  |   option_group_name      = aws_db_option_group.default.name
		6  |   parameter_group_name   = aws_db_parameter_group.default.name
		7  |   db_subnet_group_name   = aws_db_subnet_group.default.name
		8  |   vpc_security_group_ids = ["${aws_security_group.default.id}"]
		9  | 
		10 |   identifier              = "rds-${local.resource_prefix.value}"
		11 |   engine_version          = "8.0" # Latest major version 
		12 |   instance_class          = "db.t3.micro"
		13 |   allocated_storage       = "20"
		14 |   username                = "admin"
		15 |   password                = var.password
		16 |   apply_immediately       = true
		17 |   multi_az                = false
		18 |   backup_retention_period = 0
		19 |   storage_encrypted       = false
		20 |   skip_final_snapshot     = true
		21 |   monitoring_interval     = 0
		22 |   publicly_accessible     = true
		23 | 
		24 |   tags = merge({
		25 |     Name        = "${local.resource_prefix.value}-rds"
		26 |     Environment = local.resource_prefix.value
		27 |     }, {
		28 |     git_commit           = "e6d83b21346fe85d4fe28b16c0b2f1e0662eb1d7"
		29 |     git_file             = "terraform/aws/db-app.tf"
		30 |     git_last_modified_at = "2023-04-27 12:47:51"
		31 |     git_last_modified_by = "nadler@paloaltonetworks.com"
		32 |     git_modifiers        = "nadler/nimrodkor"
		33 |     git_org              = "bridgecrewio"
		34 |     git_repo             = "terragoat"
		35 |     yor_trace            = "47c13290-c2ce-48a7-b666-1b0085effb92"
		36 |   })
		37 | 
		38 |   # Ignore password changes from tf plan diff
		39 |   lifecycle {
		40 |     ignore_changes = ["password"]
		41 |   }
		42 | }
</failure>
		</testcase>
		<testcase name="[NONE][CKV_AWS_16] Ensure all data stored in the RDS is securely encrypted at rest" classname="/db-app.tf.aws_db_instance.default" file="/db-app.tf">
			<failure type="failure" message="Ensure all data stored in the RDS is securely encrypted at rest">
Resource: aws_db_instance.default
File: /db-app.tf: 1-42
Guideline: https://docs.prismacloud.io/en/enterprise-edition/policy-reference/aws-policies/aws-general-policies/general-4

		1  | resource "aws_db_instance" "default" {
		2  | 
		3  |   name                   = var.dbname
		4  |   engine                 = "mysql"
		5  |   option_group_name      = aws_db_option_group.default.name
		6  |   parameter_group_name   = aws_db_parameter_group.default.name
		7  |   db_subnet_group_name   = aws_db_subnet_group.default.name
		8  |   vpc_security_group_ids = ["${aws_security_group.default.id}"]
		9  | 
		10 |   identifier              = "rds-${local.resource_prefix.value}"
		11 |   engine_version          = "8.0" # Latest major version 
		12 |   instance_class          = "db.t3.micro"
		13 |   allocated_storage       = "20"
		14 |   username                = "admin"
		15 |   password                = var.password
		16 |   apply_immediately       = true
		17 |   multi_az                = false
		18 |   backup_retention_period = 0
		19 |   storage_encrypted       = false
		20 |   skip_final_snapshot     = true
		21 |   monitoring_interval     = 0
		22 |   publicly_accessible     = true
		23 | 
		24 |   tags = merge({
		25 |     Name        = "${local.resource_prefix.value}-rds"
		26 |     Environment = local.resource_prefix.value
		27 |     }, {
		28 |     git_commit           = "e6d83b21346fe85d4fe28b16c0b2f1e0662eb1d7"
		29 |     git_file             = "terraform/aws/db-app.tf"
		30 |     git_last_modified_at = "2023-04-27 12:47:51"
		31 |     git_last_modified_by = "nadler@paloaltonetworks.com"
		32 |     git_modifiers        = "nadler/nimrodkor"
		33 |     git_org              = "bridgecrewio"
		34 |     git_repo             = "terragoat"
		35 |     yor_trace            = "47c13290-c2ce-48a7-b666-1b0085effb92"
		36 |   })
		37 | 
		38 |   # Ignore password changes from tf plan diff
		39 |   lifecycle {
		40 |     ignore_changes = ["password"]
		41 |   }
		42 | }
</failure>
		</testcase>
		<testcase name="[NONE][CKV_AWS_133] Ensure that RDS instances has backup policy" classname="/db-app.tf.aws_db_instance.default" file="/db-app.tf">
			<failure type="failure" message="Ensure that RDS instances has backup policy">
Resource: aws_db_instance.default
File: /db-app.tf: 1-42
Guideline: https://docs.prismacloud.io/en/enterprise-edition/policy-reference/aws-policies/aws-general-policies/ensure-that-rds-instances-have-backup-policy

		1  | resource "aws_db_instance" "default" {
		2  | 
		3  |   name                   = var.dbname
		4  |   engine                 = "mysql"
		5  |   option_group_name      = aws_db_option_group.default.name
		6  |   parameter_group_name   = aws_db_parameter_group.default.name
		7  |   db_subnet_group_name   = aws_db_subnet_group.default.name
		8  |   vpc_security_group_ids = ["${aws_security_group.default.id}"]
		9  | 
		10 |   identifier              = "rds-${local.resource_prefix.value}"
		11 |   engine_version          = "8.0" # Latest major version 
		12 |   instance_class          = "db.t3.micro"
		13 |   allocated_storage       = "20"
		14 |   username                = "admin"
		15 |   password                = var.password
		16 |   apply_immediately       = true
		17 |   multi_az                = false
		18 |   backup_retention_period = 0
		19 |   storage_encrypted       = false
		20 |   skip_final_snapshot     = true
		21 |   monitoring_interval     = 0
		22 |   publicly_accessible     = true
		23 | 
		24 |   tags = merge({
		25 |     Name        = "${local.resource_prefix.value}-rds"
		26 |     Environment = local.resource_prefix.value
		27 |     }, {
		28 |     git_commit           = "e6d83b21346fe85d4fe28b16c0b2f1e0662eb1d7"
		29 |     git_file             = "terraform/aws/db-app.tf"
		30 |     git_last_modified_at = "2023-04-27 12:47:51"
		31 |     git_last_modified_by = "nadler@paloaltonetworks.com"
		32 |     git_modifiers        = "nadler/nimrodkor"
		33 |     git_org              = "bridgecrewio"
		34 |     git_repo             = "terragoat"
		35 |     yor_trace            = "47c13290-c2ce-48a7-b666-1b0085effb92"
		36 |   })
		37 | 
		38 |   # Ignore password changes from tf plan diff
		39 |   lifecycle {
		40 |     ignore_changes = ["password"]
		41 |   }
		42 | }
</failure>
		</testcase>
		<testcase name="[NONE][CKV_AWS_293] Ensure that AWS database instances have deletion protection enabled" classname="/db-app.tf.aws_db_instance.default" file="/db-app.tf">
			<failure type="failure" message="Ensure that AWS database instances have deletion protection enabled">
Resource: aws_db_instance.default
File: /db-app.tf: 1-42
Guideline: https://docs.prismacloud.io/en/enterprise-edition/policy-reference/aws-policies/aws-general-policies/bc-aws-293

		1  | resource "aws_db_instance" "default" {
		2  | 
		3  |   name                   = var.dbname
		4  |   engine                 = "mysql"
		5  |   option_group_name      = aws_db_option_group.default.name
		6  |   parameter_group_name   = aws_db_parameter_group.default.name
		7  |   db_subnet_group_name   = aws_db_subnet_group.default.name
		8  |   vpc_security_group_ids = ["${aws_security_group.default.id}"]
		9  | 
		10 |   identifier              = "rds-${local.resource_prefix.value}"
		11 |   engine_version          = "8.0" # Latest major version 
		12 |   instance_class          = "db.t3.micro"
		13 |   allocated_storage       = "20"
		14 |   username                = "admin"
		15 |   password                = var.password
		16 |   apply_immediately       = true
		17 |   multi_az                = false
		18 |   backup_retention_period = 0
		19 |   storage_encrypted       = false
		20 |   skip_final_snapshot     = true
		21 |   monitoring_interval     = 0
		22 |   publicly_accessible     = true
		23 | 
		24 |   tags = merge({
		25 |     Name        = "${local.resource_prefix.value}-rds"
		26 |     Environment = local.resource_prefix.value
		27 |     }, {
		28 |     git_commit           = "e6d83b21346fe85d4fe28b16c0b2f1e0662eb1d7"
		29 |     git_file             = "terraform/aws/db-app.tf"
		30 |     git_last_modified_at = "2023-04-27 12:47:51"
		31 |     git_last_modified_by = "nadler@paloaltonetworks.com"
		32 |     git_modifiers        = "nadler/nimrodkor"
		33 |     git_org              = "bridgecrewio"
		34 |     git_repo             = "terragoat"
		35 |     yor_trace            = "47c13290-c2ce-48a7-b666-1b0085effb92"
		36 |   })
		37 | 
		38 |   # Ignore password changes from tf plan diff
		39 |   lifecycle {
		40 |     ignore_changes = ["password"]
		41 |   }
		42 | }
</failure>
		</testcase>
		<testcase name="[NONE][CKV_AWS_226] Ensure DB instance gets all minor upgrades automatically" classname="/db-app.tf.aws_db_instance.default" file="/db-app.tf">
			<failure type="failure" message="Ensure DB instance gets all minor upgrades automatically">
Resource: aws_db_instance.default
File: /db-app.tf: 1-42
Guideline: https://docs.prismacloud.io/en/enterprise-edition/policy-reference/aws-policies/aws-general-policies/ensure-aws-db-instance-gets-all-minor-upgrades-automatically

		1  | resource "aws_db_instance" "default" {
		2  | 
		3  |   name                   = var.dbname
		4  |   engine                 = "mysql"
		5  |   option_group_name      = aws_db_option_group.default.name
		6  |   parameter_group_name   = aws_db_parameter_group.default.name
		7  |   db_subnet_group_name   = aws_db_subnet_group.default.name
		8  |   vpc_security_group_ids = ["${aws_security_group.default.id}"]
		9  | 
		10 |   identifier              = "rds-${local.resource_prefix.value}"
		11 |   engine_version          = "8.0" # Latest major version 
		12 |   instance_class          = "db.t3.micro"
		13 |   allocated_storage       = "20"
		14 |   username                = "admin"
		15 |   password                = var.password
		16 |   apply_immediately       = true
		17 |   multi_az                = false
		18 |   backup_retention_period = 0
		19 |   storage_encrypted       = false
		20 |   skip_final_snapshot     = true
		21 |   monitoring_interval     = 0
		22 |   publicly_accessible     = true
		23 | 
		24 |   tags = merge({
		25 |     Name        = "${local.resource_prefix.value}-rds"
		26 |     Environment = local.resource_prefix.value
		27 |     }, {
		28 |     git_commit           = "e6d83b21346fe85d4fe28b16c0b2f1e0662eb1d7"
		29 |     git_file             = "terraform/aws/db-app.tf"
		30 |     git_last_modified_at = "2023-04-27 12:47:51"
		31 |     git_last_modified_by = "nadler@paloaltonetworks.com"
		32 |     git_modifiers        = "nadler/nimrodkor"
		33 |     git_org              = "bridgecrewio"
		34 |     git_repo             = "terragoat"
		35 |     yor_trace            = "47c13290-c2ce-48a7-b666-1b0085effb92"
		36 |   })
		37 | 
		38 |   # Ignore password changes from tf plan diff
		39 |   lifecycle {
		40 |     ignore_changes = ["password"]
		41 |   }
		42 | }
</failure>
		</testcase>
		<testcase name="[NONE][CKV_AWS_23] Ensure every security group and rule has a description" classname="/db-app.tf.aws_security_group.default" file="/db-app.tf">
			<failure type="failure" message="Ensure every security group and rule has a description">
Resource: aws_security_group.default
File: /db-app.tf: 117-134
Guideline: https://docs.prismacloud.io/en/enterprise-edition/policy-reference/aws-policies/aws-networking-policies/networking-31

		117 | resource "aws_security_group" "default" {
		118 |   name   = "${local.resource_prefix.value}-rds-sg"
		119 |   vpc_id = aws_vpc.web_vpc.id
		120 | 
		121 |   tags = merge({
		122 |     Name        = "${local.resource_prefix.value}-rds-sg"
		123 |     Environment = local.resource_prefix.value
		124 |     }, {
		125 |     git_commit           = "d68d2897add9bc2203a5ed0632a5cdd8ff8cefb0"
		126 |     git_file             = "terraform/aws/db-app.tf"
		127 |     git_last_modified_at = "2020-06-16 14:46:24"
		128 |     git_last_modified_by = "nimrodkor@gmail.com"
		129 |     git_modifiers        = "nimrodkor"
		130 |     git_org              = "bridgecrewio"
		131 |     git_repo             = "terragoat"
		132 |     yor_trace            = "7b251090-8ac1-4290-bd2e-bf3e16126430"
		133 |   })
		134 | }
</failure>
		</testcase>
		<testcase name="[NONE][CKV_AWS_23] Ensure every security group and rule has a description" classname="/db-app.tf.aws_security_group_rule.ingress" file="/db-app.tf">
			<failure type="failure" message="Ensure every security group and rule has a description">
Resource: aws_security_group_rule.ingress
File: /db-app.tf: 136-143
Guideline: https://docs.prismacloud.io/en/enterprise-edition/policy-reference/aws-policies/aws-networking-policies/networking-31

		136 | resource "aws_security_group_rule" "ingress" {
		137 |   type              = "ingress"
		138 |   from_port         = "3306"
		139 |   to_port           = "3306"
		140 |   protocol          = "tcp"
		141 |   cidr_blocks       = ["${aws_vpc.web_vpc.cidr_block}"]
		142 |   security_group_id = aws_security_group.default.id
		143 | }
</failure>
		</testcase>
		<testcase name="[NONE][CKV_AWS_23] Ensure every security group and rule has a description" classname="/db-app.tf.aws_security_group_rule.egress" file="/db-app.tf">
			<failure type="failure" message="Ensure every security group and rule has a description">
Resource: aws_security_group_rule.egress
File: /db-app.tf: 145-152
Guideline: https://docs.prismacloud.io/en/enterprise-edition/policy-reference/aws-policies/aws-networking-policies/networking-31

		145 | resource "aws_security_group_rule" "egress" {
		146 |   type              = "egress"
		147 |   from_port         = 0
		148 |   to_port           = 0
		149 |   protocol          = "-1"
		150 |   cidr_blocks       = ["0.0.0.0/0"]
		151 |   security_group_id = "${aws_security_group.default.id}"
		152 | }
</failure>
		</testcase>
		<testcase name="[NONE][CKV_AWS_382] Ensure no security groups allow egress from 0.0.0.0:0 to port -1" classname="/db-app.tf.aws_security_group_rule.egress" file="/db-app.tf">
			<failure type="failure" message="Ensure no security groups allow egress from 0.0.0.0:0 to port -1">
Resource: aws_security_group_rule.egress
File: /db-app.tf: 145-152
Guideline: https://docs.prismacloud.io/en/enterprise-edition/policy-reference/aws-policies/aws-networking-policies/bc-aws-382

		145 | resource "aws_security_group_rule" "egress" {
		146 |   type              = "egress"
		147 |   from_port         = 0
		148 |   to_port           = 0
		149 |   protocol          = "-1"
		150 |   cidr_blocks       = ["0.0.0.0/0"]
		151 |   security_group_id = "${aws_security_group.default.id}"
		152 | }
</failure>
		</testcase>
		<testcase name="[NONE][CKV_AWS_288] Ensure IAM policies does not allow data exfiltration" classname="/db-app.tf.aws_iam_role_policy.ec2policy" file="/db-app.tf">
			<failure type="failure" message="Ensure IAM policies does not allow data exfiltration">
Resource: aws_iam_role_policy.ec2policy
File: /db-app.tf: 206-226
Guideline: https://docs.prismacloud.io/en/enterprise-edition/policy-reference/aws-policies/aws-iam-policies/bc-aws-288

		206 | resource "aws_iam_role_policy" "ec2policy" {
		207 |   name = "${local.resource_prefix.value}-policy"
		208 |   role = aws_iam_role.ec2role.id
		209 | 
		210 |   policy = &lt;&lt;EOF
		211 | {
		212 |   "Version": "2012-10-17",
		213 |   "Statement": [
		214 |     {
		215 |       "Action": [
		216 |         "s3:*",
		217 |         "ec2:*",
		218 |         "rds:*"
		219 |       ],
		220 |       "Effect": "Allow",
		221 |       "Resource": "*"
		222 |     }
		223 |   ]
		224 | }
		225 | EOF
		226 | }
</failure>
		</testcase>
		<testcase name="[NONE][CKV_AWS_355] Ensure no IAM policies documents allow &quot;*&quot; as a statement's resource for restrictable actions" classname="/db-app.tf.aws_iam_role_policy.ec2policy" file="/db-app.tf">
			<failure type="failure" message="Ensure no IAM policies documents allow &quot;*&quot; as a statement's resource for restrictable actions">
Resource: aws_iam_role_policy.ec2policy
File: /db-app.tf: 206-226
Guideline: https://docs.prismacloud.io/en/enterprise-edition/policy-reference/aws-policies/aws-iam-policies/bc-aws-355

		206 | resource "aws_iam_role_policy" "ec2policy" {
		207 |   name = "${local.resource_prefix.value}-policy"
		208 |   role = aws_iam_role.ec2role.id
		209 | 
		210 |   policy = &lt;&lt;EOF
		211 | {
		212 |   "Version": "2012-10-17",
		213 |   "Statement": [
		214 |     {
		215 |       "Action": [
		216 |         "s3:*",
		217 |         "ec2:*",
		218 |         "rds:*"
		219 |       ],
		220 |       "Effect": "Allow",
		221 |       "Resource": "*"
		222 |     }
		223 |   ]
		224 | }
		225 | EOF
		226 | }
</failure>
		</testcase>
		<testcase name="[NONE][CKV_AWS_287] Ensure IAM policies does not allow credentials exposure" classname="/db-app.tf.aws_iam_role_policy.ec2policy" file="/db-app.tf">
			<failure type="failure" message="Ensure IAM policies does not allow credentials exposure">
Resource: aws_iam_role_policy.ec2policy
File: /db-app.tf: 206-226
Guideline: https://docs.prismacloud.io/en/enterprise-edition/policy-reference/aws-policies/aws-iam-policies/bc-aws-287

		206 | resource "aws_iam_role_policy" "ec2policy" {
		207 |   name = "${local.resource_prefix.value}-policy"
		208 |   role = aws_iam_role.ec2role.id
		209 | 
		210 |   policy = &lt;&lt;EOF
		211 | {
		212 |   "Version": "2012-10-17",
		213 |   "Statement": [
		214 |     {
		215 |       "Action": [
		216 |         "s3:*",
		217 |         "ec2:*",
		218 |         "rds:*"
		219 |       ],
		220 |       "Effect": "Allow",
		221 |       "Resource": "*"
		222 |     }
		223 |   ]
		224 | }
		225 | EOF
		226 | }
</failure>
		</testcase>
		<testcase name="[NONE][CKV_AWS_290] Ensure IAM policies does not allow write access without constraints" classname="/db-app.tf.aws_iam_role_policy.ec2policy" file="/db-app.tf">
			<failure type="failure" message="Ensure IAM policies does not allow write access without constraints">
Resource: aws_iam_role_policy.ec2policy
File: /db-app.tf: 206-226
Guideline: https://docs.prismacloud.io/en/enterprise-edition/policy-reference/aws-policies/aws-iam-policies/bc-aws-290

		206 | resource "aws_iam_role_policy" "ec2policy" {
		207 |   name = "${local.resource_prefix.value}-policy"
		208 |   role = aws_iam_role.ec2role.id
		209 | 
		210 |   policy = &lt;&lt;EOF
		211 | {
		212 |   "Version": "2012-10-17",
		213 |   "Statement": [
		214 |     {
		215 |       "Action": [
		216 |         "s3:*",
		217 |         "ec2:*",
		218 |         "rds:*"
		219 |       ],
		220 |       "Effect": "Allow",
		221 |       "Resource": "*"
		222 |     }
		223 |   ]
		224 | }
		225 | EOF
		226 | }
</failure>
		</testcase>
		<testcase name="[NONE][CKV_AWS_289] Ensure IAM policies does not allow permissions management / resource exposure without constraints" classname="/db-app.tf.aws_iam_role_policy.ec2policy" file="/db-app.tf">
			<failure type="failure" message="Ensure IAM policies does not allow permissions management / resource exposure without constraints">
Resource: aws_iam_role_policy.ec2policy
File: /db-app.tf: 206-226
Guideline: https://docs.prismacloud.io/en/enterprise-edition/policy-reference/aws-policies/aws-iam-policies/bc-aws-289

		206 | resource "aws_iam_role_policy" "ec2policy" {
		207 |   name = "${local.resource_prefix.value}-policy"
		208 |   role = aws_iam_role.ec2role.id
		209 | 
		210 |   policy = &lt;&lt;EOF
		211 | {
		212 |   "Version": "2012-10-17",
		213 |   "Statement": [
		214 |     {
		215 |       "Action": [
		216 |         "s3:*",
		217 |         "ec2:*",
		218 |         "rds:*"
		219 |       ],
		220 |       "Effect": "Allow",
		221 |       "Resource": "*"
		222 |     }
		223 |   ]
		224 | }
		225 | EOF
		226 | }
</failure>
		</testcase>
		<testcase name="[NONE][CKV_AWS_8] Ensure all data stored in the Launch configuration or instance Elastic Blocks Store is securely encrypted" classname="/db-app.tf.aws_instance.db_app" file="/db-app.tf">
			<failure type="failure" message="Ensure all data stored in the Launch configuration or instance Elastic Blocks Store is securely encrypted">
Resource: aws_instance.db_app
File: /db-app.tf: 243-413
Guideline: https://docs.prismacloud.io/en/enterprise-edition/policy-reference/aws-policies/aws-general-policies/general-13

		Code lines for this resource are too many. Please use IDE of your choice to review the file.</failure>
		</testcase>
		<testcase name="[NONE][CKV_AWS_126] Ensure that detailed monitoring is enabled for EC2 instances" classname="/db-app.tf.aws_instance.db_app" file="/db-app.tf">
			<failure type="failure" message="Ensure that detailed monitoring is enabled for EC2 instances">
Resource: aws_instance.db_app
File: /db-app.tf: 243-413
Guideline: https://docs.prismacloud.io/en/enterprise-edition/policy-reference/aws-policies/aws-logging-policies/ensure-that-detailed-monitoring-is-enabled-for-ec2-instances

		Code lines for this resource are too many. Please use IDE of your choice to review the file.</failure>
		</testcase>
		<testcase name="[NONE][CKV_AWS_135] Ensure that EC2 is EBS optimized" classname="/db-app.tf.aws_instance.db_app" file="/db-app.tf">
			<failure type="failure" message="Ensure that EC2 is EBS optimized">
Resource: aws_instance.db_app
File: /db-app.tf: 243-413
Guideline: https://docs.prismacloud.io/en/enterprise-edition/policy-reference/aws-policies/aws-general-policies/ensure-that-ec2-is-ebs-optimized

		Code lines for this resource are too many. Please use IDE of your choice to review the file.</failure>
		</testcase>
		<testcase name="[NONE][CKV_AWS_79] Ensure Instance Metadata Service Version 1 is not enabled" classname="/db-app.tf.aws_instance.db_app" file="/db-app.tf">
			<failure type="failure" message="Ensure Instance Metadata Service Version 1 is not enabled">
Resource: aws_instance.db_app
File: /db-app.tf: 243-413
Guideline: https://docs.prismacloud.io/en/enterprise-edition/policy-reference/aws-policies/aws-general-policies/bc-aws-general-31

		Code lines for this resource are too many. Please use IDE of your choice to review the file.</failure>
		</testcase>
		<testcase name="[NONE][CKV_AWS_46] Ensure no hard-coded secrets exist in EC2 user data" classname="/ec2.tf.aws_instance.web_host" file="/ec2.tf">
			<failure type="failure" message="Ensure no hard-coded secrets exist in EC2 user data">
Resource: aws_instance.web_host
File: /ec2.tf: 1-32
Guideline: https://docs.prismacloud.io/en/enterprise-edition/policy-reference/aws-policies/secrets-policies/bc-aws-secrets-1

		1  | resource "aws_instance" "web_host" {
		2  |   # ec2 have plain text secrets in user data
		3  |   ami           = "${var.ami}"
		4  |   instance_type = "t2.nano"
		5  | 
		6  |   vpc_security_group_ids = [
		7  |   "${aws_security_group.web-node.id}"]
		8  |   subnet_id = "${aws_subnet.web_subnet.id}"
		9  |   user_data = &lt;&lt;EOF
		10 | #! /bin/bash
		11 | sudo apt-get update
		12 | sudo apt-get install -y apache2
		13 | sudo systemctl start apache2
		14 | sudo systemctl enable apache2
		15 | export AWS_ACCESS_KEY_ID=AKIAIOSFODNN7EXAMAAA
		16 | export AWS_SECRET_ACCESS_KEY=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
		17 | export AWS_DEFAULT_REGION=us-west-2
		18 | echo "&lt;h1&gt;Deployed via Terraform&lt;/h1&gt;" | sudo tee /var/www/html/index.html
		19 | EOF
		20 |   tags = merge({
		21 |     Name = "${local.resource_prefix.value}-ec2"
		22 |     }, {
		23 |     git_commit           = "d68d2897add9bc2203a5ed0632a5cdd8ff8cefb0"
		24 |     git_file             = "terraform/aws/ec2.tf"
		25 |     git_last_modified_at = "2020-06-16 14:46:24"
		26 |     git_last_modified_by = "nimrodkor@gmail.com"
		27 |     git_modifiers        = "nimrodkor"
		28 |     git_org              = "bridgecrewio"
		29 |     git_repo             = "terragoat"
		30 |     yor_trace            = "347af3cd-4f70-4632-aca3-4d5e30ffc0b6"
		31 |   })
		32 | }
</failure>
		</testcase>
		<testcase name="[NONE][CKV_AWS_8] Ensure all data stored in the Launch configuration or instance Elastic Blocks Store is securely encrypted" classname="/ec2.tf.aws_instance.web_host" file="/ec2.tf">
			<failure type="failure" message="Ensure all data stored in the Launch configuration or instance Elastic Blocks Store is securely encrypted">
Resource: aws_instance.web_host
File: /ec2.tf: 1-32
Guideline: https://docs.prismacloud.io/en/enterprise-edition/policy-reference/aws-policies/aws-general-policies/general-13

		1  | resource "aws_instance" "web_host" {
		2  |   # ec2 have plain text secrets in user data
		3  |   ami           = "${var.ami}"
		4  |   instance_type = "t2.nano"
		5  | 
		6  |   vpc_security_group_ids = [
		7  |   "${aws_security_group.web-node.id}"]
		8  |   subnet_id = "${aws_subnet.web_subnet.id}"
		9  |   user_data = &lt;&lt;EOF
		10 | #! /bin/bash
		11 | sudo apt-get update
		12 | sudo apt-get install -y apache2
		13 | sudo systemctl start apache2
		14 | sudo systemctl enable apache2
		15 | export AWS_ACCESS_KEY_ID=AKIAIOSFODNN7EXAMAAA
		16 | export AWS_SECRET_ACCESS_KEY=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
		17 | export AWS_DEFAULT_REGION=us-west-2
		18 | echo "&lt;h1&gt;Deployed via Terraform&lt;/h1&gt;" | sudo tee /var/www/html/index.html
		19 | EOF
		20 |   tags = merge({
		21 |     Name = "${local.resource_prefix.value}-ec2"
		22 |     }, {
		23 |     git_commit           = "d68d2897add9bc2203a5ed0632a5cdd8ff8cefb0"
		24 |     git_file             = "terraform/aws/ec2.tf"
		25 |     git_last_modified_at = "2020-06-16 14:46:24"
		26 |     git_last_modified_by = "nimrodkor@gmail.com"
		27 |     git_modifiers        = "nimrodkor"
		28 |     git_org              = "bridgecrewio"
		29 |     git_repo             = "terragoat"
		30 |     yor_trace            = "347af3cd-4f70-4632-aca3-4d5e30ffc0b6"
		31 |   })
		32 | }
</failure>
		</testcase>
		<testcase name="[NONE][CKV_AWS_126] Ensure that detailed monitoring is enabled for EC2 instances" classname="/ec2.tf.aws_instance.web_host" file="/ec2.tf">
			<failure type="failure" message="Ensure that detailed monitoring is enabled for EC2 instances">
Resource: aws_instance.web_host
File: /ec2.tf: 1-32
Guideline: https://docs.prismacloud.io/en/enterprise-edition/policy-reference/aws-policies/aws-logging-policies/ensure-that-detailed-monitoring-is-enabled-for-ec2-instances

		1  | resource "aws_instance" "web_host" {
		2  |   # ec2 have plain text secrets in user data
		3  |   ami           = "${var.ami}"
		4  |   instance_type = "t2.nano"
		5  | 
		6  |   vpc_security_group_ids = [
		7  |   "${aws_security_group.web-node.id}"]
		8  |   subnet_id = "${aws_subnet.web_subnet.id}"
		9  |   user_data = &lt;&lt;EOF
		10 | #! /bin/bash
		11 | sudo apt-get update
		12 | sudo apt-get install -y apache2
		13 | sudo systemctl start apache2
		14 | sudo systemctl enable apache2
		15 | export AWS_ACCESS_KEY_ID=AKIAIOSFODNN7EXAMAAA
		16 | export AWS_SECRET_ACCESS_KEY=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
		17 | export AWS_DEFAULT_REGION=us-west-2
		18 | echo "&lt;h1&gt;Deployed via Terraform&lt;/h1&gt;" | sudo tee /var/www/html/index.html
		19 | EOF
		20 |   tags = merge({
		21 |     Name = "${local.resource_prefix.value}-ec2"
		22 |     }, {
		23 |     git_commit           = "d68d2897add9bc2203a5ed0632a5cdd8ff8cefb0"
		24 |     git_file             = "terraform/aws/ec2.tf"
		25 |     git_last_modified_at = "2020-06-16 14:46:24"
		26 |     git_last_modified_by = "nimrodkor@gmail.com"
		27 |     git_modifiers        = "nimrodkor"
		28 |     git_org              = "bridgecrewio"
		29 |     git_repo             = "terragoat"
		30 |     yor_trace            = "347af3cd-4f70-4632-aca3-4d5e30ffc0b6"
		31 |   })
		32 | }
</failure>
		</testcase>
		<testcase name="[NONE][CKV_AWS_135] Ensure that EC2 is EBS optimized" classname="/ec2.tf.aws_instance.web_host" file="/ec2.tf">
			<failure type="failure" message="Ensure that EC2 is EBS optimized">
Resource: aws_instance.web_host
File: /ec2.tf: 1-32
Guideline: https://docs.prismacloud.io/en/enterprise-edition/policy-reference/aws-policies/aws-general-policies/ensure-that-ec2-is-ebs-optimized

		1  | resource "aws_instance" "web_host" {
		2  |   # ec2 have plain text secrets in user data
		3  |   ami           = "${var.ami}"
		4  |   instance_type = "t2.nano"
		5  | 
		6  |   vpc_security_group_ids = [
		7  |   "${aws_security_group.web-node.id}"]
		8  |   subnet_id = "${aws_subnet.web_subnet.id}"
		9  |   user_data = &lt;&lt;EOF
		10 | #! /bin/bash
		11 | sudo apt-get update
		12 | sudo apt-get install -y apache2
		13 | sudo systemctl start apache2
		14 | sudo systemctl enable apache2
		15 | export AWS_ACCESS_KEY_ID=AKIAIOSFODNN7EXAMAAA
		16 | export AWS_SECRET_ACCESS_KEY=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
		17 | export AWS_DEFAULT_REGION=us-west-2
		18 | echo "&lt;h1&gt;Deployed via Terraform&lt;/h1&gt;" | sudo tee /var/www/html/index.html
		19 | EOF
		20 |   tags = merge({
		21 |     Name = "${local.resource_prefix.value}-ec2"
		22 |     }, {
		23 |     git_commit           = "d68d2897add9bc2203a5ed0632a5cdd8ff8cefb0"
		24 |     git_file             = "terraform/aws/ec2.tf"
		25 |     git_last_modified_at = "2020-06-16 14:46:24"
		26 |     git_last_modified_by = "nimrodkor@gmail.com"
		27 |     git_modifiers        = "nimrodkor"
		28 |     git_org              = "bridgecrewio"
		29 |     git_repo             = "terragoat"
		30 |     yor_trace            = "347af3cd-4f70-4632-aca3-4d5e30ffc0b6"
		31 |   })
		32 | }
</failure>
		</testcase>
		<testcase name="[NONE][CKV_AWS_79] Ensure Instance Metadata Service Version 1 is not enabled" classname="/ec2.tf.aws_instance.web_host" file="/ec2.tf">
			<failure type="failure" message="Ensure Instance Metadata Service Version 1 is not enabled">
Resource: aws_instance.web_host
File: /ec2.tf: 1-32
Guideline: https://docs.prismacloud.io/en/enterprise-edition/policy-reference/aws-policies/aws-general-policies/bc-aws-general-31

		1  | resource "aws_instance" "web_host" {
		2  |   # ec2 have plain text secrets in user data
		3  |   ami           = "${var.ami}"
		4  |   instance_type = "t2.nano"
		5  | 
		6  |   vpc_security_group_ids = [
		7  |   "${aws_security_group.web-node.id}"]
		8  |   subnet_id = "${aws_subnet.web_subnet.id}"
		9  |   user_data = &lt;&lt;EOF
		10 | #! /bin/bash
		11 | sudo apt-get update
		12 | sudo apt-get install -y apache2
		13 | sudo systemctl start apache2
		14 | sudo systemctl enable apache2
		15 | export AWS_ACCESS_KEY_ID=AKIAIOSFODNN7EXAMAAA
		16 | export AWS_SECRET_ACCESS_KEY=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
		17 | export AWS_DEFAULT_REGION=us-west-2
		18 | echo "&lt;h1&gt;Deployed via Terraform&lt;/h1&gt;" | sudo tee /var/www/html/index.html
		19 | EOF
		20 |   tags = merge({
		21 |     Name = "${local.resource_prefix.value}-ec2"
		22 |     }, {
		23 |     git_commit           = "d68d2897add9bc2203a5ed0632a5cdd8ff8cefb0"
		24 |     git_file             = "terraform/aws/ec2.tf"
		25 |     git_last_modified_at = "2020-06-16 14:46:24"
		26 |     git_last_modified_by = "nimrodkor@gmail.com"
		27 |     git_modifiers        = "nimrodkor"
		28 |     git_org              = "bridgecrewio"
		29 |     git_repo             = "terragoat"
		30 |     yor_trace            = "347af3cd-4f70-4632-aca3-4d5e30ffc0b6"
		31 |   })
		32 | }
</failure>
		</testcase>
		<testcase name="[NONE][CKV_AWS_189] Ensure EBS Volume is encrypted by KMS using a customer managed Key (CMK)" classname="/ec2.tf.aws_ebs_volume.web_host_storage" file="/ec2.tf">
			<failure type="failure" message="Ensure EBS Volume is encrypted by KMS using a customer managed Key (CMK)">
Resource: aws_ebs_volume.web_host_storage
File: /ec2.tf: 34-51
Guideline: https://docs.prismacloud.io/en/enterprise-edition/policy-reference/aws-policies/aws-general-policies/bc-aws-general-109

		34 | resource "aws_ebs_volume" "web_host_storage" {
		35 |   # unencrypted volume
		36 |   availability_zone = "${var.region}a"
		37 |   #encrypted         = false  # Setting this causes the volume to be recreated on apply 
		38 |   size = 1
		39 |   tags = merge({
		40 |     Name = "${local.resource_prefix.value}-ebs"
		41 |     }, {
		42 |     git_commit           = "d3439f0f2af62f6fa3521e14d6c27819ef8f12e1"
		43 |     git_file             = "terraform/aws/ec2.tf"
		44 |     git_last_modified_at = "2021-05-02 11:17:26"
		45 |     git_last_modified_by = "nimrodkor@users.noreply.github.com"
		46 |     git_modifiers        = "nimrodkor"
		47 |     git_org              = "bridgecrewio"
		48 |     git_repo             = "terragoat"
		49 |     yor_trace            = "c5509daf-10f0-46af-9e03-41989212521d"
		50 |   })
		51 | }
</failure>
		</testcase>
		<testcase name="[NONE][CKV_AWS_3] Ensure all data stored in the EBS is securely encrypted" classname="/ec2.tf.aws_ebs_volume.web_host_storage" file="/ec2.tf">
			<failure type="failure" message="Ensure all data stored in the EBS is securely encrypted">
Resource: aws_ebs_volume.web_host_storage
File: /ec2.tf: 34-51
Guideline: https://docs.prismacloud.io/en/enterprise-edition/policy-reference/aws-policies/aws-general-policies/general-3-encrypt-ebs-volume

		34 | resource "aws_ebs_volume" "web_host_storage" {
		35 |   # unencrypted volume
		36 |   availability_zone = "${var.region}a"
		37 |   #encrypted         = false  # Setting this causes the volume to be recreated on apply 
		38 |   size = 1
		39 |   tags = merge({
		40 |     Name = "${local.resource_prefix.value}-ebs"
		41 |     }, {
		42 |     git_commit           = "d3439f0f2af62f6fa3521e14d6c27819ef8f12e1"
		43 |     git_file             = "terraform/aws/ec2.tf"
		44 |     git_last_modified_at = "2021-05-02 11:17:26"
		45 |     git_last_modified_by = "nimrodkor@users.noreply.github.com"
		46 |     git_modifiers        = "nimrodkor"
		47 |     git_org              = "bridgecrewio"
		48 |     git_repo             = "terragoat"
		49 |     yor_trace            = "c5509daf-10f0-46af-9e03-41989212521d"
		50 |   })
		51 | }
</failure>
		</testcase>
		<testcase name="[NONE][CKV_AWS_24] Ensure no security groups allow ingress from 0.0.0.0:0 to port 22" classname="/ec2.tf.aws_security_group.web-node" file="/ec2.tf">
			<failure type="failure" message="Ensure no security groups allow ingress from 0.0.0.0:0 to port 22">
Resource: aws_security_group.web-node
File: /ec2.tf: 77-115
Guideline: https://docs.prismacloud.io/en/enterprise-edition/policy-reference/aws-policies/aws-networking-policies/networking-1-port-security

		77  | resource "aws_security_group" "web-node" {
		78  |   # security group is open to the world in SSH port
		79  |   name        = "${local.resource_prefix.value}-sg"
		80  |   description = "${local.resource_prefix.value} Security Group"
		81  |   vpc_id      = aws_vpc.web_vpc.id
		82  | 
		83  |   ingress {
		84  |     from_port = 80
		85  |     to_port   = 80
		86  |     protocol  = "tcp"
		87  |     cidr_blocks = [
		88  |     "0.0.0.0/0"]
		89  |   }
		90  |   ingress {
		91  |     from_port = 22
		92  |     to_port   = 22
		93  |     protocol  = "tcp"
		94  |     cidr_blocks = [
		95  |     "0.0.0.0/0"]
		96  |   }
		97  |   egress {
		98  |     from_port = 0
		99  |     to_port   = 0
		100 |     protocol  = "-1"
		101 |     cidr_blocks = [
		102 |     "0.0.0.0/0"]
		103 |   }
		104 |   depends_on = [aws_vpc.web_vpc]
		105 |   tags = {
		106 |     git_commit           = "d68d2897add9bc2203a5ed0632a5cdd8ff8cefb0"
		107 |     git_file             = "terraform/aws/ec2.tf"
		108 |     git_last_modified_at = "2020-06-16 14:46:24"
		109 |     git_last_modified_by = "nimrodkor@gmail.com"
		110 |     git_modifiers        = "nimrodkor"
		111 |     git_org              = "bridgecrewio"
		112 |     git_repo             = "terragoat"
		113 |     yor_trace            = "b7af1b40-64eb-4519-a1a0-ab198db4b193"
		114 |   }
		115 | }
</failure>
		</testcase>
		<testcase name="[NONE][CKV_AWS_260] Ensure no security groups allow ingress from 0.0.0.0:0 to port 80" classname="/ec2.tf.aws_security_group.web-node" file="/ec2.tf">
			<failure type="failure" message="Ensure no security groups allow ingress from 0.0.0.0:0 to port 80">
Resource: aws_security_group.web-node
File: /ec2.tf: 77-115
Guideline: https://docs.prismacloud.io/en/enterprise-edition/policy-reference/aws-policies/aws-networking-policies/ensure-aws-security-groups-do-not-allow-ingress-from-00000-to-port-80

		77  | resource "aws_security_group" "web-node" {
		78  |   # security group is open to the world in SSH port
		79  |   name        = "${local.resource_prefix.value}-sg"
		80  |   description = "${local.resource_prefix.value} Security Group"
		81  |   vpc_id      = aws_vpc.web_vpc.id
		82  | 
		83  |   ingress {
		84  |     from_port = 80
		85  |     to_port   = 80
		86  |     protocol  = "tcp"
		87  |     cidr_blocks = [
		88  |     "0.0.0.0/0"]
		89  |   }
		90  |   ingress {
		91  |     from_port = 22
		92  |     to_port   = 22
		93  |     protocol  = "tcp"
		94  |     cidr_blocks = [
		95  |     "0.0.0.0/0"]
		96  |   }
		97  |   egress {
		98  |     from_port = 0
		99  |     to_port   = 0
		100 |     protocol  = "-1"
		101 |     cidr_blocks = [
		102 |     "0.0.0.0/0"]
		103 |   }
		104 |   depends_on = [aws_vpc.web_vpc]
		105 |   tags = {
		106 |     git_commit           = "d68d2897add9bc2203a5ed0632a5cdd8ff8cefb0"
		107 |     git_file             = "terraform/aws/ec2.tf"
		108 |     git_last_modified_at = "2020-06-16 14:46:24"
		109 |     git_last_modified_by = "nimrodkor@gmail.com"
		110 |     git_modifiers        = "nimrodkor"
		111 |     git_org              = "bridgecrewio"
		112 |     git_repo             = "terragoat"
		113 |     yor_trace            = "b7af1b40-64eb-4519-a1a0-ab198db4b193"
		114 |   }
		115 | }
</failure>
		</testcase>
		<testcase name="[NONE][CKV_AWS_23] Ensure every security group and rule has a description" classname="/ec2.tf.aws_security_group.web-node" file="/ec2.tf">
			<failure type="failure" message="Ensure every security group and rule has a description">
Resource: aws_security_group.web-node
File: /ec2.tf: 77-115
Guideline: https://docs.prismacloud.io/en/enterprise-edition/policy-reference/aws-policies/aws-networking-policies/networking-31

		77  | resource "aws_security_group" "web-node" {
		78  |   # security group is open to the world in SSH port
		79  |   name        = "${local.resource_prefix.value}-sg"
		80  |   description = "${local.resource_prefix.value} Security Group"
		81  |   vpc_id      = aws_vpc.web_vpc.id
		82  | 
		83  |   ingress {
		84  |     from_port = 80
		85  |     to_port   = 80
		86  |     protocol  = "tcp"
		87  |     cidr_blocks = [
		88  |     "0.0.0.0/0"]
		89  |   }
		90  |   ingress {
		91  |     from_port = 22
		92  |     to_port   = 22
		93  |     protocol  = "tcp"
		94  |     cidr_blocks = [
		95  |     "0.0.0.0/0"]
		96  |   }
		97  |   egress {
		98  |     from_port = 0
		99  |     to_port   = 0
		100 |     protocol  = "-1"
		101 |     cidr_blocks = [
		102 |     "0.0.0.0/0"]
		103 |   }
		104 |   depends_on = [aws_vpc.web_vpc]
		105 |   tags = {
		106 |     git_commit           = "d68d2897add9bc2203a5ed0632a5cdd8ff8cefb0"
		107 |     git_file             = "terraform/aws/ec2.tf"
		108 |     git_last_modified_at = "2020-06-16 14:46:24"
		109 |     git_last_modified_by = "nimrodkor@gmail.com"
		110 |     git_modifiers        = "nimrodkor"
		111 |     git_org              = "bridgecrewio"
		112 |     git_repo             = "terragoat"
		113 |     yor_trace            = "b7af1b40-64eb-4519-a1a0-ab198db4b193"
		114 |   }
		115 | }
</failure>
		</testcase>
		<testcase name="[NONE][CKV_AWS_382] Ensure no security groups allow egress from 0.0.0.0:0 to port -1" classname="/ec2.tf.aws_security_group.web-node" file="/ec2.tf">
			<failure type="failure" message="Ensure no security groups allow egress from 0.0.0.0:0 to port -1">
Resource: aws_security_group.web-node
File: /ec2.tf: 77-115
Guideline: https://docs.prismacloud.io/en/enterprise-edition/policy-reference/aws-policies/aws-networking-policies/bc-aws-382

		77  | resource "aws_security_group" "web-node" {
		78  |   # security group is open to the world in SSH port
		79  |   name        = "${local.resource_prefix.value}-sg"
		80  |   description = "${local.resource_prefix.value} Security Group"
		81  |   vpc_id      = aws_vpc.web_vpc.id
		82  | 
		83  |   ingress {
		84  |     from_port = 80
		85  |     to_port   = 80
		86  |     protocol  = "tcp"
		87  |     cidr_blocks = [
		88  |     "0.0.0.0/0"]
		89  |   }
		90  |   ingress {
		91  |     from_port = 22
		92  |     to_port   = 22
		93  |     protocol  = "tcp"
		94  |     cidr_blocks = [
		95  |     "0.0.0.0/0"]
		96  |   }
		97  |   egress {
		98  |     from_port = 0
		99  |     to_port   = 0
		100 |     protocol  = "-1"
		101 |     cidr_blocks = [
		102 |     "0.0.0.0/0"]
		103 |   }
		104 |   depends_on = [aws_vpc.web_vpc]
		105 |   tags = {
		106 |     git_commit           = "d68d2897add9bc2203a5ed0632a5cdd8ff8cefb0"
		107 |     git_file             = "terraform/aws/ec2.tf"
		108 |     git_last_modified_at = "2020-06-16 14:46:24"
		109 |     git_last_modified_by = "nimrodkor@gmail.com"
		110 |     git_modifiers        = "nimrodkor"
		111 |     git_org              = "bridgecrewio"
		112 |     git_repo             = "terragoat"
		113 |     yor_trace            = "b7af1b40-64eb-4519-a1a0-ab198db4b193"
		114 |   }
		115 | }
</failure>
		</testcase>
		<testcase name="[NONE][CKV_AWS_130] Ensure VPC subnets do not assign public IP by default" classname="/ec2.tf.aws_subnet.web_subnet" file="/ec2.tf">
			<failure type="failure" message="Ensure VPC subnets do not assign public IP by default">
Resource: aws_subnet.web_subnet
File: /ec2.tf: 135-153
Guideline: https://docs.prismacloud.io/en/enterprise-edition/policy-reference/aws-policies/aws-networking-policies/ensure-vpc-subnets-do-not-assign-public-ip-by-default

		135 | resource "aws_subnet" "web_subnet" {
		136 |   vpc_id                  = aws_vpc.web_vpc.id
		137 |   cidr_block              = "172.16.10.0/24"
		138 |   availability_zone       = "${var.region}a"
		139 |   map_public_ip_on_launch = true
		140 | 
		141 |   tags = merge({
		142 |     Name = "${local.resource_prefix.value}-subnet"
		143 |     }, {
		144 |     git_commit           = "6e62522d2ab8f63740e53752b84a6e99cd65696a"
		145 |     git_file             = "terraform/aws/ec2.tf"
		146 |     git_last_modified_at = "2021-05-02 11:16:31"
		147 |     git_last_modified_by = "nimrodkor@gmail.com"
		148 |     git_modifiers        = "nimrodkor"
		149 |     git_org              = "bridgecrewio"
		150 |     git_repo             = "terragoat"
		151 |     yor_trace            = "0345f650-d280-4ca8-86c9-c71c38c0eda8"
		152 |   })
		153 | }
</failure>
		</testcase>
		<testcase name="[NONE][CKV_AWS_130] Ensure VPC subnets do not assign public IP by default" classname="/ec2.tf.aws_subnet.web_subnet2" file="/ec2.tf">
			<failure type="failure" message="Ensure VPC subnets do not assign public IP by default">
Resource: aws_subnet.web_subnet2
File: /ec2.tf: 155-173
Guideline: https://docs.prismacloud.io/en/enterprise-edition/policy-reference/aws-policies/aws-networking-policies/ensure-vpc-subnets-do-not-assign-public-ip-by-default

		155 | resource "aws_subnet" "web_subnet2" {
		156 |   vpc_id                  = aws_vpc.web_vpc.id
		157 |   cidr_block              = "172.16.11.0/24"
		158 |   availability_zone       = "${var.region}b"
		159 |   map_public_ip_on_launch = true
		160 | 
		161 |   tags = merge({
		162 |     Name = "${local.resource_prefix.value}-subnet2"
		163 |     }, {
		164 |     git_commit           = "6e62522d2ab8f63740e53752b84a6e99cd65696a"
		165 |     git_file             = "terraform/aws/ec2.tf"
		166 |     git_last_modified_at = "2021-05-02 11:16:31"
		167 |     git_last_modified_by = "nimrodkor@gmail.com"
		168 |     git_modifiers        = "nimrodkor"
		169 |     git_org              = "bridgecrewio"
		170 |     git_repo             = "terragoat"
		171 |     yor_trace            = "224af03a-00e0-4981-be30-14965833c2db"
		172 |   })
		173 | }
</failure>
		</testcase>
		<testcase name="[NONE][CKV_AWS_136] Ensure that ECR repositories are encrypted using KMS" classname="/ecr.tf.aws_ecr_repository.repository" file="/ecr.tf">
			<failure type="failure" message="Ensure that ECR repositories are encrypted using KMS">
Resource: aws_ecr_repository.repository
File: /ecr.tf: 1-18
Guideline: https://docs.prismacloud.io/en/enterprise-edition/policy-reference/aws-policies/aws-general-policies/ensure-that-ecr-repositories-are-encrypted

		1  | resource aws_ecr_repository "repository" {
		2  |   name                 = "${local.resource_prefix.value}-repository"
		3  |   image_tag_mutability = "MUTABLE"
		4  | 
		5  | 
		6  |   tags = merge({
		7  |     Name = "${local.resource_prefix.value}-repository"
		8  |     }, {
		9  |     git_commit           = "e6d83b21346fe85d4fe28b16c0b2f1e0662eb1d7"
		10 |     git_file             = "terraform/aws/ecr.tf"
		11 |     git_last_modified_at = "2023-04-27 12:47:51"
		12 |     git_last_modified_by = "nadler@paloaltonetworks.com"
		13 |     git_modifiers        = "nadler/nimrodkor"
		14 |     git_org              = "bridgecrewio"
		15 |     git_repo             = "terragoat"
		16 |     yor_trace            = "7a3ec657-fa54-4aa2-8467-5d08d6c90bc2"
		17 |   })
		18 | }
</failure>
		</testcase>
		<testcase name="[NONE][CKV_AWS_51] Ensure ECR Image Tags are immutable" classname="/ecr.tf.aws_ecr_repository.repository" file="/ecr.tf">
			<failure type="failure" message="Ensure ECR Image Tags are immutable">
Resource: aws_ecr_repository.repository
File: /ecr.tf: 1-18
Guideline: https://docs.prismacloud.io/en/enterprise-edition/policy-reference/aws-policies/aws-general-policies/bc-aws-general-24

		1  | resource aws_ecr_repository "repository" {
		2  |   name                 = "${local.resource_prefix.value}-repository"
		3  |   image_tag_mutability = "MUTABLE"
		4  | 
		5  | 
		6  |   tags = merge({
		7  |     Name = "${local.resource_prefix.value}-repository"
		8  |     }, {
		9  |     git_commit           = "e6d83b21346fe85d4fe28b16c0b2f1e0662eb1d7"
		10 |     git_file             = "terraform/aws/ecr.tf"
		11 |     git_last_modified_at = "2023-04-27 12:47:51"
		12 |     git_last_modified_by = "nadler@paloaltonetworks.com"
		13 |     git_modifiers        = "nadler/nimrodkor"
		14 |     git_org              = "bridgecrewio"
		15 |     git_repo             = "terragoat"
		16 |     yor_trace            = "7a3ec657-fa54-4aa2-8467-5d08d6c90bc2"
		17 |   })
		18 | }
</failure>
		</testcase>
		<testcase name="[NONE][CKV_AWS_163] Ensure ECR image scanning on push is enabled" classname="/ecr.tf.aws_ecr_repository.repository" file="/ecr.tf">
			<failure type="failure" message="Ensure ECR image scanning on push is enabled">
Resource: aws_ecr_repository.repository
File: /ecr.tf: 1-18
Guideline: https://docs.prismacloud.io/en/enterprise-edition/policy-reference/aws-policies/aws-general-policies/general-8

		1  | resource aws_ecr_repository "repository" {
		2  |   name                 = "${local.resource_prefix.value}-repository"
		3  |   image_tag_mutability = "MUTABLE"
		4  | 
		5  | 
		6  |   tags = merge({
		7  |     Name = "${local.resource_prefix.value}-repository"
		8  |     }, {
		9  |     git_commit           = "e6d83b21346fe85d4fe28b16c0b2f1e0662eb1d7"
		10 |     git_file             = "terraform/aws/ecr.tf"
		11 |     git_last_modified_at = "2023-04-27 12:47:51"
		12 |     git_last_modified_by = "nadler@paloaltonetworks.com"
		13 |     git_modifiers        = "nadler/nimrodkor"
		14 |     git_org              = "bridgecrewio"
		15 |     git_repo             = "terragoat"
		16 |     yor_trace            = "7a3ec657-fa54-4aa2-8467-5d08d6c90bc2"
		17 |   })
		18 | }
</failure>
		</testcase>
		<testcase name="[NONE][CKV_AWS_130] Ensure VPC subnets do not assign public IP by default" classname="/eks.tf.aws_subnet.eks_subnet1" file="/eks.tf">
			<failure type="failure" message="Ensure VPC subnets do not assign public IP by default">
Resource: aws_subnet.eks_subnet1
File: /eks.tf: 62-88
Guideline: https://docs.prismacloud.io/en/enterprise-edition/policy-reference/aws-policies/aws-networking-policies/ensure-vpc-subnets-do-not-assign-public-ip-by-default

		62 | resource aws_subnet "eks_subnet1" {
		63 |   vpc_id                  = aws_vpc.eks_vpc.id
		64 |   cidr_block              = "10.10.10.0/24"
		65 |   availability_zone       = "${var.region}a"
		66 |   map_public_ip_on_launch = true
		67 |   tags = merge({
		68 |     Name                                            = "${local.resource_prefix.value}-eks-subnet"
		69 |     "kubernetes.io/cluster/${local.eks_name.value}" = "shared"
		70 |     }, {
		71 |     git_commit                                       = "6e62522d2ab8f63740e53752b84a6e99cd65696a"
		72 |     git_file                                         = "terraform/aws/eks.tf"
		73 |     git_last_modified_at                             = "2021-05-02 11:16:31"
		74 |     git_last_modified_by                             = "nimrodkor@gmail.com"
		75 |     git_modifiers                                    = "nimrodkor"
		76 |     git_org                                          = "bridgecrewio"
		77 |     git_repo                                         = "terragoat"
		78 |     "kubernetes.io/cluster/$${local.eks_name.value}" = "shared"
		79 |     yor_trace                                        = "1fb4fa23-a5d6-4d6a-b7dc-88749383f48d"
		80 |     }, {
		81 |     "kubernetes.io/cluster/$$${local.eks_name.value}" = "shared"
		82 |     "kubernetes.io/cluster/$${local.eks_name.value}"  = "shared"
		83 |     }, {
		84 |     "kubernetes.io/cluster/$$$${local.eks_name.value}" = "shared"
		85 |     "kubernetes.io/cluster/$$${local.eks_name.value}"  = "shared"
		86 |     "kubernetes.io/cluster/$${local.eks_name.value}"   = "shared"
		87 |   })
		88 | }
</failure>
		</testcase>
[...]
		17 |     git_org              = "bridgecrewio"
		18 |     git_repo             = "terragoat"
		19 |     yor_trace            = "0874007d-903a-4b4c-945f-c9c233e13243"
		20 |   })
		21 | }
</failure>
		</testcase>
		<testcase name="[NONE][CKV_AWS_145] Ensure that S3 buckets are encrypted with KMS by default" classname="/s3.tf.aws_s3_bucket.financials" file="/s3.tf">
			<failure type="failure" message="Ensure that S3 buckets are encrypted with KMS by default">
Resource: aws_s3_bucket.financials
File: /s3.tf: 42-63
Guideline: https://docs.prismacloud.io/en/enterprise-edition/policy-reference/aws-policies/aws-general-policies/ensure-that-s3-buckets-are-encrypted-with-kms-by-default

		42 | resource "aws_s3_bucket" "financials" {
		43 |   # bucket is not encrypted
		44 |   # bucket does not have access logs
		45 |   # bucket does not have versioning
		46 |   bucket        = "${local.resource_prefix.value}-financials"
		47 |   acl           = "private"
		48 |   force_destroy = true
		49 |   tags = merge({
		50 |     Name        = "${local.resource_prefix.value}-financials"
		51 |     Environment = local.resource_prefix.value
		52 |     }, {
		53 |     git_commit           = "d68d2897add9bc2203a5ed0632a5cdd8ff8cefb0"
		54 |     git_file             = "terraform/aws/s3.tf"
		55 |     git_last_modified_at = "2020-06-16 14:46:24"
		56 |     git_last_modified_by = "nimrodkor@gmail.com"
		57 |     git_modifiers        = "nimrodkor"
		58 |     git_org              = "bridgecrewio"
		59 |     git_repo             = "terragoat"
		60 |     yor_trace            = "0e012640-b597-4e5d-9378-d4b584aea913"
		61 |   })
		62 | 
		63 | }
</failure>
		</testcase>
		<testcase name="[NONE][CKV_AWS_145] Ensure that S3 buckets are encrypted with KMS by default" classname="/s3.tf.aws_s3_bucket.operations" file="/s3.tf">
			<failure type="failure" message="Ensure that S3 buckets are encrypted with KMS by default">
Resource: aws_s3_bucket.operations
File: /s3.tf: 65-87
Guideline: https://docs.prismacloud.io/en/enterprise-edition/policy-reference/aws-policies/aws-general-policies/ensure-that-s3-buckets-are-encrypted-with-kms-by-default

		65 | resource "aws_s3_bucket" "operations" {
		66 |   # bucket is not encrypted
		67 |   # bucket does not have access logs
		68 |   bucket = "${local.resource_prefix.value}-operations"
		69 |   acl    = "private"
		70 |   versioning {
		71 |     enabled = true
		72 |   }
		73 |   force_destroy = true
		74 |   tags = merge({
		75 |     Name        = "${local.resource_prefix.value}-operations"
		76 |     Environment = local.resource_prefix.value
		77 |     }, {
		78 |     git_commit           = "d68d2897add9bc2203a5ed0632a5cdd8ff8cefb0"
		79 |     git_file             = "terraform/aws/s3.tf"
		80 |     git_last_modified_at = "2020-06-16 14:46:24"
		81 |     git_last_modified_by = "nimrodkor@gmail.com"
		82 |     git_modifiers        = "nimrodkor"
		83 |     git_org              = "bridgecrewio"
		84 |     git_repo             = "terragoat"
		85 |     yor_trace            = "29efcf7b-22a8-4bd6-8e14-1f55b3a2d743"
		86 |   })
		87 | }
</failure>
		</testcase>
		<testcase name="[NONE][CKV_AWS_145] Ensure that S3 buckets are encrypted with KMS by default" classname="/s3.tf.aws_s3_bucket.data_science" file="/s3.tf">
			<failure type="failure" message="Ensure that S3 buckets are encrypted with KMS by default">
Resource: aws_s3_bucket.data_science
File: /s3.tf: 89-111
Guideline: https://docs.prismacloud.io/en/enterprise-edition/policy-reference/aws-policies/aws-general-policies/ensure-that-s3-buckets-are-encrypted-with-kms-by-default

		89  | resource "aws_s3_bucket" "data_science" {
		90  |   # bucket is not encrypted
		91  |   bucket = "${local.resource_prefix.value}-data-science"
		92  |   acl    = "private"
		93  |   versioning {
		94  |     enabled = true
		95  |   }
		96  |   logging {
		97  |     target_bucket = "${aws_s3_bucket.logs.id}"
		98  |     target_prefix = "log/"
		99  |   }
		100 |   force_destroy = true
		101 |   tags = {
		102 |     git_commit           = "d68d2897add9bc2203a5ed0632a5cdd8ff8cefb0"
		103 |     git_file             = "terraform/aws/s3.tf"
		104 |     git_last_modified_at = "2020-06-16 14:46:24"
		105 |     git_last_modified_by = "nimrodkor@gmail.com"
		106 |     git_modifiers        = "nimrodkor"
		107 |     git_org              = "bridgecrewio"
		108 |     git_repo             = "terragoat"
		109 |     yor_trace            = "9a7c8788-5655-4708-bbc3-64ead9847f64"
		110 |   }
		111 | }
</failure>
		</testcase>
		<testcase name="[NONE][CKV2_AWS_61] Ensure that an S3 bucket has a lifecycle configuration" classname="/ec2.tf.aws_s3_bucket.flowbucket" file="/ec2.tf">
			<failure type="failure" message="Ensure that an S3 bucket has a lifecycle configuration">
Resource: aws_s3_bucket.flowbucket
File: /ec2.tf: 271-288
Guideline: https://docs.prismacloud.io/en/enterprise-edition/policy-reference/aws-policies/aws-logging-policies/bc-aws-2-61

		271 | resource "aws_s3_bucket" "flowbucket" {
		272 |   bucket        = "${local.resource_prefix.value}-flowlogs"
		273 |   force_destroy = true
		274 | 
		275 |   tags = merge({
		276 |     Name        = "${local.resource_prefix.value}-flowlogs"
		277 |     Environment = local.resource_prefix.value
		278 |     }, {
		279 |     git_commit           = "d68d2897add9bc2203a5ed0632a5cdd8ff8cefb0"
		280 |     git_file             = "terraform/aws/ec2.tf"
		281 |     git_last_modified_at = "2020-06-16 14:46:24"
		282 |     git_last_modified_by = "nimrodkor@gmail.com"
		283 |     git_modifiers        = "nimrodkor"
		284 |     git_org              = "bridgecrewio"
		285 |     git_repo             = "terragoat"
		286 |     yor_trace            = "f058838a-b1e0-4383-b965-7e06e987ffb1"
		287 |   })
		288 | }
</failure>
		</testcase>
		<testcase name="[NONE][CKV2_AWS_61] Ensure that an S3 bucket has a lifecycle configuration" classname="/s3.tf.aws_s3_bucket.data" file="/s3.tf">
			<failure type="failure" message="Ensure that an S3 bucket has a lifecycle configuration">
Resource: aws_s3_bucket.data
File: /s3.tf: 1-21
Guideline: https://docs.prismacloud.io/en/enterprise-edition/policy-reference/aws-policies/aws-logging-policies/bc-aws-2-61

		1  | resource "aws_s3_bucket" "data" {
		2  |   # bucket is public
		3  |   # bucket is not encrypted
		4  |   # bucket does not have access logs
		5  |   # bucket does not have versioning
		6  |   bucket        = "${local.resource_prefix.value}-data"
		7  |   force_destroy = true
		8  |   tags = merge({
		9  |     Name        = "${local.resource_prefix.value}-data"
		10 |     Environment = local.resource_prefix.value
		11 |     }, {
		12 |     git_commit           = "4d57f83ca4d3a78a44fb36d1dcf0d23983fa44f5"
		13 |     git_file             = "terraform/aws/s3.tf"
		14 |     git_last_modified_at = "2022-05-18 07:08:06"
		15 |     git_last_modified_by = "nimrod@bridgecrew.io"
		16 |     git_modifiers        = "34870196+LironElbaz/nimrod/nimrodkor"
		17 |     git_org              = "bridgecrewio"
		18 |     git_repo             = "terragoat"
		19 |     yor_trace            = "0874007d-903a-4b4c-945f-c9c233e13243"
		20 |   })
		21 | }
</failure>
		</testcase>
		<testcase name="[NONE][CKV2_AWS_61] Ensure that an S3 bucket has a lifecycle configuration" classname="/s3.tf.aws_s3_bucket.financials" file="/s3.tf">
			<failure type="failure" message="Ensure that an S3 bucket has a lifecycle configuration">
Resource: aws_s3_bucket.financials
File: /s3.tf: 42-63
Guideline: https://docs.prismacloud.io/en/enterprise-edition/policy-reference/aws-policies/aws-logging-policies/bc-aws-2-61

		42 | resource "aws_s3_bucket" "financials" {
		43 |   # bucket is not encrypted
		44 |   # bucket does not have access logs
		45 |   # bucket does not have versioning
		46 |   bucket        = "${local.resource_prefix.value}-financials"
		47 |   acl           = "private"
		48 |   force_destroy = true
		49 |   tags = merge({
		50 |     Name        = "${local.resource_prefix.value}-financials"
		51 |     Environment = local.resource_prefix.value
		52 |     }, {
		53 |     git_commit           = "d68d2897add9bc2203a5ed0632a5cdd8ff8cefb0"
		54 |     git_file             = "terraform/aws/s3.tf"
		55 |     git_last_modified_at = "2020-06-16 14:46:24"
		56 |     git_last_modified_by = "nimrodkor@gmail.com"
		57 |     git_modifiers        = "nimrodkor"
		58 |     git_org              = "bridgecrewio"
		59 |     git_repo             = "terragoat"
		60 |     yor_trace            = "0e012640-b597-4e5d-9378-d4b584aea913"
		61 |   })
		62 | 
		63 | }
</failure>
		</testcase>
		<testcase name="[NONE][CKV2_AWS_61] Ensure that an S3 bucket has a lifecycle configuration" classname="/s3.tf.aws_s3_bucket.data_science" file="/s3.tf">
			<failure type="failure" message="Ensure that an S3 bucket has a lifecycle configuration">
Resource: aws_s3_bucket.data_science
File: /s3.tf: 89-111
Guideline: https://docs.prismacloud.io/en/enterprise-edition/policy-reference/aws-policies/aws-logging-policies/bc-aws-2-61

		89  | resource "aws_s3_bucket" "data_science" {
		90  |   # bucket is not encrypted
		91  |   bucket = "${local.resource_prefix.value}-data-science"
		92  |   acl    = "private"
		93  |   versioning {
		94  |     enabled = true
		95  |   }
		96  |   logging {
		97  |     target_bucket = "${aws_s3_bucket.logs.id}"
		98  |     target_prefix = "log/"
		99  |   }
		100 |   force_destroy = true
		101 |   tags = {
		102 |     git_commit           = "d68d2897add9bc2203a5ed0632a5cdd8ff8cefb0"
		103 |     git_file             = "terraform/aws/s3.tf"
		104 |     git_last_modified_at = "2020-06-16 14:46:24"
		105 |     git_last_modified_by = "nimrodkor@gmail.com"
		106 |     git_modifiers        = "nimrodkor"
		107 |     git_org              = "bridgecrewio"
		108 |     git_repo             = "terragoat"
		109 |     yor_trace            = "9a7c8788-5655-4708-bbc3-64ead9847f64"
		110 |   }
		111 | }
</failure>
		</testcase>
		<testcase name="[NONE][CKV2_AWS_61] Ensure that an S3 bucket has a lifecycle configuration" classname="/s3.tf.aws_s3_bucket.operations" file="/s3.tf">
			<failure type="failure" message="Ensure that an S3 bucket has a lifecycle configuration">
Resource: aws_s3_bucket.operations
File: /s3.tf: 65-87
Guideline: https://docs.prismacloud.io/en/enterprise-edition/policy-reference/aws-policies/aws-logging-policies/bc-aws-2-61

		65 | resource "aws_s3_bucket" "operations" {
		66 |   # bucket is not encrypted
		67 |   # bucket does not have access logs
		68 |   bucket = "${local.resource_prefix.value}-operations"
		69 |   acl    = "private"
		70 |   versioning {
		71 |     enabled = true
		72 |   }
		73 |   force_destroy = true
		74 |   tags = merge({
		75 |     Name        = "${local.resource_prefix.value}-operations"
		76 |     Environment = local.resource_prefix.value
		77 |     }, {
		78 |     git_commit           = "d68d2897add9bc2203a5ed0632a5cdd8ff8cefb0"
		79 |     git_file             = "terraform/aws/s3.tf"
		80 |     git_last_modified_at = "2020-06-16 14:46:24"
		81 |     git_last_modified_by = "nimrodkor@gmail.com"
		82 |     git_modifiers        = "nimrodkor"
		83 |     git_org              = "bridgecrewio"
		84 |     git_repo             = "terragoat"
		85 |     yor_trace            = "29efcf7b-22a8-4bd6-8e14-1f55b3a2d743"
		86 |   })
		87 | }
</failure>
		</testcase>
		<testcase name="[NONE][CKV2_AWS_61] Ensure that an S3 bucket has a lifecycle configuration" classname="/s3.tf.aws_s3_bucket.logs" file="/s3.tf">
			<failure type="failure" message="Ensure that an S3 bucket has a lifecycle configuration">
Resource: aws_s3_bucket.logs
File: /s3.tf: 113-141
Guideline: https://docs.prismacloud.io/en/enterprise-edition/policy-reference/aws-policies/aws-logging-policies/bc-aws-2-61

		113 | resource "aws_s3_bucket" "logs" {
		114 |   bucket = "${local.resource_prefix.value}-logs"
		115 |   acl    = "log-delivery-write"
		116 |   versioning {
		117 |     enabled = true
		118 |   }
		119 |   server_side_encryption_configuration {
		120 |     rule {
		121 |       apply_server_side_encryption_by_default {
		122 |         sse_algorithm     = "aws:kms"
		123 |         kms_master_key_id = "${aws_kms_key.logs_key.arn}"
		124 |       }
		125 |     }
		126 |   }
		127 |   force_destroy = true
		128 |   tags = merge({
		129 |     Name        = "${local.resource_prefix.value}-logs"
		130 |     Environment = local.resource_prefix.value
		131 |     }, {
		132 |     git_commit           = "d68d2897add9bc2203a5ed0632a5cdd8ff8cefb0"
		133 |     git_file             = "terraform/aws/s3.tf"
		134 |     git_last_modified_at = "2020-06-16 14:46:24"
		135 |     git_last_modified_by = "nimrodkor@gmail.com"
		136 |     git_modifiers        = "nimrodkor"
		137 |     git_org              = "bridgecrewio"
		138 |     git_repo             = "terragoat"
		139 |     yor_trace            = "01946fe9-aae2-4c99-a975-e9b0d3a4696c"
		140 |   })
		141 | }
</failure>
		</testcase>
		<testcase name="[NONE][CKV_AWS_18] Ensure the S3 bucket has access logging enabled" classname="/ec2.tf.aws_s3_bucket.flowbucket" file="/ec2.tf">
			<failure type="failure" message="Ensure the S3 bucket has access logging enabled">
Resource: aws_s3_bucket.flowbucket
File: /ec2.tf: 271-288
Guideline: https://docs.prismacloud.io/en/enterprise-edition/policy-reference/aws-policies/s3-policies/s3-13-enable-logging

		271 | resource "aws_s3_bucket" "flowbucket" {
		272 |   bucket        = "${local.resource_prefix.value}-flowlogs"
		273 |   force_destroy = true
		274 | 
		275 |   tags = merge({
		276 |     Name        = "${local.resource_prefix.value}-flowlogs"
		277 |     Environment = local.resource_prefix.value
		278 |     }, {
		279 |     git_commit           = "d68d2897add9bc2203a5ed0632a5cdd8ff8cefb0"
		280 |     git_file             = "terraform/aws/ec2.tf"
		281 |     git_last_modified_at = "2020-06-16 14:46:24"
		282 |     git_last_modified_by = "nimrodkor@gmail.com"
		283 |     git_modifiers        = "nimrodkor"
		284 |     git_org              = "bridgecrewio"
		285 |     git_repo             = "terragoat"
		286 |     yor_trace            = "f058838a-b1e0-4383-b965-7e06e987ffb1"
		287 |   })
		288 | }
</failure>
		</testcase>
		<testcase name="[NONE][CKV_AWS_18] Ensure the S3 bucket has access logging enabled" classname="/s3.tf.aws_s3_bucket.data" file="/s3.tf">
			<failure type="failure" message="Ensure the S3 bucket has access logging enabled">
Resource: aws_s3_bucket.data
File: /s3.tf: 1-21
Guideline: https://docs.prismacloud.io/en/enterprise-edition/policy-reference/aws-policies/s3-policies/s3-13-enable-logging

		1  | resource "aws_s3_bucket" "data" {
		2  |   # bucket is public
		3  |   # bucket is not encrypted
		4  |   # bucket does not have access logs
		5  |   # bucket does not have versioning
		6  |   bucket        = "${local.resource_prefix.value}-data"
		7  |   force_destroy = true
		8  |   tags = merge({
		9  |     Name        = "${local.resource_prefix.value}-data"
		10 |     Environment = local.resource_prefix.value
		11 |     }, {
		12 |     git_commit           = "4d57f83ca4d3a78a44fb36d1dcf0d23983fa44f5"
		13 |     git_file             = "terraform/aws/s3.tf"
		14 |     git_last_modified_at = "2022-05-18 07:08:06"
		15 |     git_last_modified_by = "nimrod@bridgecrew.io"
		16 |     git_modifiers        = "34870196+LironElbaz/nimrod/nimrodkor"
		17 |     git_org              = "bridgecrewio"
		18 |     git_repo             = "terragoat"
		19 |     yor_trace            = "0874007d-903a-4b4c-945f-c9c233e13243"
		20 |   })
		21 | }
</failure>
		</testcase>
		<testcase name="[NONE][CKV_AWS_18] Ensure the S3 bucket has access logging enabled" classname="/s3.tf.aws_s3_bucket.operations" file="/s3.tf">
			<failure type="failure" message="Ensure the S3 bucket has access logging enabled">
Resource: aws_s3_bucket.operations
File: /s3.tf: 65-87
Guideline: https://docs.prismacloud.io/en/enterprise-edition/policy-reference/aws-policies/s3-policies/s3-13-enable-logging

		65 | resource "aws_s3_bucket" "operations" {
		66 |   # bucket is not encrypted
		67 |   # bucket does not have access logs
		68 |   bucket = "${local.resource_prefix.value}-operations"
		69 |   acl    = "private"
		70 |   versioning {
		71 |     enabled = true
		72 |   }
		73 |   force_destroy = true
		74 |   tags = merge({
		75 |     Name        = "${local.resource_prefix.value}-operations"
		76 |     Environment = local.resource_prefix.value
		77 |     }, {
		78 |     git_commit           = "d68d2897add9bc2203a5ed0632a5cdd8ff8cefb0"
		79 |     git_file             = "terraform/aws/s3.tf"
		80 |     git_last_modified_at = "2020-06-16 14:46:24"
		81 |     git_last_modified_by = "nimrodkor@gmail.com"
		82 |     git_modifiers        = "nimrodkor"
		83 |     git_org              = "bridgecrewio"
		84 |     git_repo             = "terragoat"
		85 |     yor_trace            = "29efcf7b-22a8-4bd6-8e14-1f55b3a2d743"
		86 |   })
		87 | }
</failure>
		</testcase>
		<testcase name="[NONE][CKV_AWS_18] Ensure the S3 bucket has access logging enabled" classname="/s3.tf.aws_s3_bucket.financials" file="/s3.tf">
			<failure type="failure" message="Ensure the S3 bucket has access logging enabled">
Resource: aws_s3_bucket.financials
File: /s3.tf: 42-63
Guideline: https://docs.prismacloud.io/en/enterprise-edition/policy-reference/aws-policies/s3-policies/s3-13-enable-logging

		42 | resource "aws_s3_bucket" "financials" {
		43 |   # bucket is not encrypted
		44 |   # bucket does not have access logs
		45 |   # bucket does not have versioning
		46 |   bucket        = "${local.resource_prefix.value}-financials"
		47 |   acl           = "private"
		48 |   force_destroy = true
		49 |   tags = merge({
		50 |     Name        = "${local.resource_prefix.value}-financials"
		51 |     Environment = local.resource_prefix.value
		52 |     }, {
		53 |     git_commit           = "d68d2897add9bc2203a5ed0632a5cdd8ff8cefb0"
		54 |     git_file             = "terraform/aws/s3.tf"
		55 |     git_last_modified_at = "2020-06-16 14:46:24"
		56 |     git_last_modified_by = "nimrodkor@gmail.com"
		57 |     git_modifiers        = "nimrodkor"
		58 |     git_org              = "bridgecrewio"
		59 |     git_repo             = "terragoat"
		60 |     yor_trace            = "0e012640-b597-4e5d-9378-d4b584aea913"
		61 |   })
		62 | 
		63 | }
</failure>
		</testcase>
		<testcase name="[NONE][CKV_AWS_18] Ensure the S3 bucket has access logging enabled" classname="/s3.tf.aws_s3_bucket.logs" file="/s3.tf">
			<failure type="failure" message="Ensure the S3 bucket has access logging enabled">
Resource: aws_s3_bucket.logs
File: /s3.tf: 113-141
Guideline: https://docs.prismacloud.io/en/enterprise-edition/policy-reference/aws-policies/s3-policies/s3-13-enable-logging

		113 | resource "aws_s3_bucket" "logs" {
		114 |   bucket = "${local.resource_prefix.value}-logs"
		115 |   acl    = "log-delivery-write"
		116 |   versioning {
		117 |     enabled = true
		118 |   }
		119 |   server_side_encryption_configuration {
		120 |     rule {
		121 |       apply_server_side_encryption_by_default {
		122 |         sse_algorithm     = "aws:kms"
		123 |         kms_master_key_id = "${aws_kms_key.logs_key.arn}"
		124 |       }
		125 |     }
		126 |   }
		127 |   force_destroy = true
		128 |   tags = merge({
		129 |     Name        = "${local.resource_prefix.value}-logs"
		130 |     Environment = local.resource_prefix.value
		131 |     }, {
		132 |     git_commit           = "d68d2897add9bc2203a5ed0632a5cdd8ff8cefb0"
		133 |     git_file             = "terraform/aws/s3.tf"
		134 |     git_last_modified_at = "2020-06-16 14:46:24"
		135 |     git_last_modified_by = "nimrodkor@gmail.com"
		136 |     git_modifiers        = "nimrodkor"
		137 |     git_org              = "bridgecrewio"
		138 |     git_repo             = "terragoat"
		139 |     yor_trace            = "01946fe9-aae2-4c99-a975-e9b0d3a4696c"
		140 |   })
		141 | }
</failure>
		</testcase>
	</testsuite>
</testsuites>
